Query, response, time
1, 1, 0.00624292
7, 0, 1.192e-05
9, 0, 9.92e-06
10, 1, 0.00075992
11, 0, 8.92e-06
12, 0, 6.792e-05
13, 0, 7.992e-05
17, 0, 0.00014292
18, 1, 0.0113959
19, 0, 1.192e-05
20, 1, 0.00353492
21, 0, 0.0123169
25, 1, 0.00102792
28, 0, 0.00010892
29, 1, 0.00146992
30, 0, 9.92e-06
31, 0, 8.92e-06
34, 0, 0.00012992
37, 1, 0.00215092
39, 0, 9.92e-06
41, 0, 9.92e-06
45, 1, 0.00188992
50, 0, 9.92e-06
51, 0, 0.00012892
53, 0, 0.00018492
59, 0, 9.92e-06
64, 1, 0.00201892
65, 1, 0.00672892
67, 1, 0.00364892
70, 0, 9.92e-06
72, 1, 0.00240892
73, 0, 8.92e-06
76, 0, 0.00011292
77, 1, 0.00178992
78, 1, 0.00402092
80, 1, 0.00806892
90, 0, 0.0156979
92, 0, 0.0100639
96, 1, 0.00357992
97, 1, 0.00774992
98, 0, 0.00014092
101, 0, 8.92e-06
108, 0, 0.0143679
111, 1, 0.00429692
119, 0, 0.00017692
120, 1, 0.0115619
122, 0, 9.92e-06
124, 0, 0.00011992
125, 0, 7.592e-05
127, 0, 0.00010192
129, 0, 1.092e-05
130, 1, 0.00131992
132, 0, 1.092e-05
133, 0, 0.00010292
138, 0, 9.92e-06
139, 1, 0.00134592
141, 0, 0.00026492
145, 0, 0.00012792
146, 1, 0.00355192
147, 1, 0.00208092
148, 0, 9.92e-06
151, 0, 9.492e-05
157, 0, 4.592e-05
160, 0, 0.0102949
163, 0, 9.92e-06
169, 0, 8.92e-06
174, 0, 0.00012392
175, 0, 8.92e-06
176, 0, 6.392e-05
178, 1, 0.00083092
179, 0, 9.92e-06
180, 0, 7.92e-06
181, 1, 0.00106192
187, 0, 0.00056592
188, 0, 0.00030892
189, 0, 8.92e-06
190, 0, 8.92e-06
194, 0, 7.92e-06
195, 0, 0.00826392
197, 0, 1.092e-05
198, 1, 0.00051692
200, 1, 0.00172692
201, 0, 9.92e-06
203, 0, 8.92e-06
204, 1, 0.00322692
210, 0, 1.592e-05
215, 0, 1.392e-05
218, 0, 0.0175729
221, 0, 9.92e-06
224, 0, 8.92e-06
227, 1, 0.00723492
228, 0, 1.092e-05
234, 0, 0.00013492
236, 1, 0.00065492
242, 0, 9.92e-06
253, 0, 8.92e-06
254, 0, 7.92e-06
255, 0, 8.92e-06
256, 0, 8.192e-05
257, 0, 0.00012792
258, 1, 0.00357992
264, 1, 0.00133992
266, 1, 0.00243792
269, 1, 0.00129892
272, 0, 0.00951092
275, 0, 9.92e-06
276, 0, 9.092e-05
278, 1, 0.00087992
284, 0, 8.92e-06
286, 0, 8.92e-06
288, 0, 0.00816792
289, 0, 0.00014592
292, 1, 0.00049492
293, 1, 0.00257592
297, 1, 0.00874092
300, 1, 0.00291792
301, 0, 0.00032492
307, 0, 0.00014392
308, 1, 0.00153292
313, 0, 9.92e-06
316, 1, 0.00095992
318, 0, 0.00024392
322, 0, 7.592e-05
324, 0, 8.92e-06
327, 0, 0.00751092
328, 1, 0.00916092
330, 0, 9.92e-06
331, 0, 0.00012192
335, 0, 8.92e-06
337, 1, 0.00212092
339, 0, 1.192e-05
341, 1, 0.00375492
342, 0, 9.92e-06
343, 0, 8.92e-06
346, 0, 8.92e-06
347, 0, 8.92e-06
349, 0, 7.92e-06
350, 1, 0.00648192
351, 0, 0.0117149
352, 0, 1.292e-05
355, 0, 8.692e-05
364, 0, 0.00025292
367, 0, 3.792e-05
375, 0, 0.00015792
378, 1, 0.00254992
380, 0, 1.092e-05
383, 0, 8.92e-06
384, 0, 8.92e-06
385, 1, 0.00060892
389, 0, 0.00031492
390, 0, 1.192e-05
391, 0, 1.492e-05
392, 0, 8.92e-06
396, 0, 7.92e-06
397, 1, 0.00225892
401, 0, 2.592e-05
404, 1, 0.00351592
406, 0, 0.00014692
407, 1, 0.00353692
408, 0, 1.192e-05
411, 0, 8.92e-06
413, 0, 8.92e-06
414, 0, 8.92e-06
418, 0, 8.92e-06
420, 0, 4.892e-05
426, 0, 7.92e-06
429, 1, 0.00321292
430, 0, 9.92e-06
431, 0, 0.00020492
432, 1, 0.00300092
435, 0, 9.92e-06
442, 0, 6.192e-05
444, 1, 0.00115392
448, 1, 0.00451892
449, 0, 0.00013192
453, 0, 0.0118089
456, 1, 0.00406192
458, 0, 1.392e-05
461, 0, 7.292e-05
463, 0, 9.92e-06
464, 0, 8.92e-06
466, 0, 7.92e-06
467, 0, 7.92e-06
471, 0, 0.00010992
473, 0, 0.00022592
487, 0, 7.292e-05
488, 1, 0.00047892
496, 0, 8.92e-06
498, 0, 8.92e-06
499, 0, 0.00063292
502, 1, 0.00119892
505, 1, 0.00122092
506, 1, 0.00216892
507, 0, 8.92e-06
508, 0, 6.392e-05
510, 0, 0.0102569
514, 0, 0.00015792
517, 0, 0.00025992
518, 0, 9.92e-06
524, 0, 0.00018492
534, 0, 0.00011092
543, 1, 0.00207692
545, 0, 9.92e-06
546, 1, 0.00244992
547, 1, 0.00078892
548, 1, 0.00246992
549, 0, 9.92e-06
558, 0, 8.92e-06
559, 1, 0.00263892
564, 1, 0.00272192
566, 0, 9.92e-06
568, 0, 9.92e-06
570, 0, 9.792e-05
579, 1, 0.00449292
587, 0, 0.00028792
589, 1, 0.00196392
593, 0, 0.00011292
605, 0, 8.92e-06
606, 0, 8.92e-06
614, 1, 0.00210392
615, 0, 0.00638792
618, 1, 0.00216892
625, 1, 0.00099392
627, 1, 0.00095692
634, 0, 0.00037292
637, 0, 8.92e-06
641, 0, 0.00040492
642, 1, 0.00227492
644, 0, 9.92e-06
649, 1, 0.00782892
651, 0, 8.992e-05
658, 1, 0.00041692
669, 1, 0.00260592
670, 1, 0.00288992
674, 0, 1.092e-05
676, 0, 0.00083892
686, 1, 0.00216192
689, 0, 8.492e-05
692, 0, 8.92e-06
695, 1, 0.00497492
696, 0, 5.392e-05
699, 0, 0.00012792
704, 0, 8.92e-06
705, 0, 8.92e-06
708, 0, 0.00077092
709, 1, 0.00155592
710, 0, 0.00015392
712, 1, 0.00139092
718, 0, 9.92e-06
721, 0, 2.592e-05
723, 0, 8.92e-06
724, 0, 8.92e-06
725, 0, 7.92e-06
726, 1, 0.00114592
729, 0, 0.00023892
731, 0, 8.92e-06
738, 1, 0.00139692
740, 0, 1.092e-05
749, 0, 8.92e-06
752, 1, 0.00372492
763, 0, 0.00028992
765, 0, 0.00915992
772, 0, 1.192e-05
775, 1, 0.00366892
776, 0, 1.092e-05
777, 0, 8.92e-06
781, 0, 8.92e-06
787, 0, 8.92e-06
790, 0, 0.0101519
791, 0, 1.092e-05
793, 0, 9.92e-06
799, 1, 0.00803292
804, 1, 0.00281192
813, 1, 0.00532692
819, 0, 1.192e-05
822, 0, 6.492e-05
826, 1, 0.00358892
828, 1, 0.0140249
836, 0, 1.192e-05
838, 0, 8.92e-06
840, 0, 9.292e-05
842, 0, 7.192e-05
843, 1, 0.00208792
847, 1, 0.0105139
848, 1, 0.00355892
851, 0, 9.92e-06
855, 1, 0.00065392
859, 0, 9.92e-06
860, 0, 8.92e-06
865, 0, 0.00115292
869, 0, 1.292e-05
874, 0, 9.92e-06
878, 0, 8.92e-06
881, 0, 8.92e-06
882, 1, 0.00114392
883, 0, 9.92e-06
884, 1, 0.00143492
888, 0, 8.592e-05
889, 1, 0.00110592
895, 0, 0.00010792
897, 1, 0.00809392
902, 1, 0.00020892
904, 1, 0.00365592
905, 0, 1.192e-05
908, 0, 9.92e-06
910, 1, 0.00123992
911, 0, 8.892e-05
912, 1, 0.00015792
917, 0, 0.0114409
918, 0, 1.192e-05
920, 0, 8.92e-06
926, 0, 8.92e-06
928, 0, 8.192e-05
930, 1, 0.00039892
931, 1, 0.00103292
932, 1, 0.00122592
933, 0, 0.00024592
935, 0, 8.92e-06
936, 0, 8.92e-06
938, 0, 8.92e-06
941, 0, 0.00010792
942, 1, 0.00093992
943, 1, 0.00060392
944, 0, 9.92e-06
945, 1, 0.00052992
948, 0, 9.92e-06
955, 0, 0.00011592
957, 1, 0.00040992
960, 0, 0.00020592
961, 0, 0.00011792
964, 0, 3.792e-05
977, 0, 9.92e-06
978, 0, 7.692e-05
982, 0, 0.00912692
983, 0, 1.092e-05
984, 0, 9.92e-06
986, 0, 0.00031192
987, 0, 9.92e-06
988, 1, 0.00095692
1013, 1, 0.00344192
1017, 0, 0.00013292
1018, 1, 0.00124092
1019, 0, 9.592e-05
1021, 0, 0.00028492
1023, 0, 9.92e-06
1024, 0, 0.00819892
1025, 0, 0.00971992
1026, 1, 0.00232392
1027, 0, 9.92e-06
1029, 0, 0.00033192
1033, 1, 0.00095592
1035, 0, 9.92e-06
1036, 0, 7.392e-05
1039, 1, 0.00423592
1040, 1, 0.00204092
1041, 0, 9.92e-06
1044, 1, 0.00997392
1045, 0, 9.92e-06
1046, 1, 0.00109192
1048, 0, 9.92e-06
1049, 0, 6.992e-05
1053, 0, 8.92e-06
1055, 1, 0.00072792
1065, 0, 0.00011492
1072, 0, 0.00020492
1075, 0, 8.92e-06
1080, 0, 8.92e-06
1081, 0, 8.92e-06
1096, 1, 0.00063292
1099, 0, 9.392e-05
1102, 0, 9.92e-06
1105, 0, 7.92e-06
1106, 0, 6.092e-05
1110, 0, 0.00011892
1116, 0, 9.92e-06
1121, 1, 0.00257192
1122, 0, 0.00011492
1126, 0, 8.92e-06
1130, 1, 0.00273692
1139, 1, 0.00806392
1140, 1, 0.00260792
1143, 0, 9.192e-05
1144, 0, 8.92e-06
1145, 1, 0.00437592
1147, 1, 0.00102292
1148, 0, 1.092e-05
1152, 0, 9.92e-06
1157, 0, 7.692e-05
1158, 1, 0.00297992
1159, 0, 0.0110149
1160, 0, 0.00113092
1170, 0, 9.92e-06
1172, 0, 8.92e-06
1173, 0, 8.92e-06
1184, 1, 0.00137692
1190, 1, 0.00121992
1194, 0, 0.00015192
1195, 0, 8.92e-06
1197, 0, 7.92e-06
1198, 0, 0.00010492
1199, 1, 0.00359492
1200, 0, 9.92e-06
1202, 1, 0.00259792
1203, 0, 3.592e-05
1207, 0, 0.00012692
1209, 1, 0.00527792
1210, 0, 3.992e-05
1211, 0, 8.92e-06
1216, 0, 9.92e-06
1219, 1, 0.00295492
1226, 0, 0.0102949
1234, 1, 0.00159092
1235, 0, 9.92e-06
1237, 1, 0.00160292
1238, 0, 9.92e-06
1239, 0, 9.592e-05
1240, 1, 0.00120592
1244, 0, 9.92e-06
1245, 0, 2.892e-05
1249, 0, 8.92e-06
1251, 0, 0.00011292
1254, 0, 8.292e-05
1256, 0, 0.00974792
1263, 1, 0.00315192
1271, 1, 0.00040492
1285, 0, 0.00961892
1288, 0, 1.092e-05
1295, 0, 8.92e-06
1296, 0, 8.92e-06
1300, 0, 8.92e-06
1302, 1, 0.00315792
1305, 1, 0.00118892
1308, 1, 0.00066992
1311, 1, 0.00652392
1313, 0, 1.092e-05
1314, 1, 0.00059992
1315, 0, 8.92e-06
1319, 0, 8.92e-06
1324, 0, 2.592e-05
1325, 0, 5.192e-05
1326, 0, 7.92e-06
1327, 1, 0.00039492
1330, 0, 0.0131239
1332, 0, 8.592e-05
1333, 1, 0.00132192
1335, 1, 0.00227992
1336, 0, 0.0108699
1337, 0, 0.00010092
1340, 0, 9.92e-06
1342, 0, 8.92e-06
1343, 0, 8.92e-06
1346, 0, 7.92e-06
1349, 1, 0.00027792
1351, 0, 9.92e-06
1355, 0, 1.092e-05
1357, 0, 4.992e-05
1362, 0, 9.92e-06
1365, 1, 0.00306492
1371, 1, 0.00108492
1372, 0, 9.92e-06
1373, 0, 8.92e-06
1375, 0, 8.92e-06
1378, 1, 0.00134592
1380, 0, 0.00025992
1383, 0, 0.0120089
1391, 1, 0.00375992
1395, 0, 7.592e-05
1398, 0, 9.92e-06
1399, 1, 0.00055992
1400, 0, 8.92e-06
1401, 1, 0.0126729
1405, 0, 0.00026292
1408, 0, 1.192e-05
1410, 0, 3.192e-05
1417, 1, 0.00165092
1418, 0, 0.00034592
1421, 0, 9.92e-06
1423, 0, 0.00013592
1424, 1, 0.00158792
1429, 0, 8.892e-05
1430, 0, 8.92e-06
1431, 1, 0.00634592
1432, 0, 1.192e-05
1436, 1, 0.00109492
1438, 0, 9.92e-06
1443, 0, 8.92e-06
1446, 0, 3.792e-05
1448, 0, 7.92e-06
1450, 0, 0.00022092
1451, 1, 0.00231292
1453, 0, 0.00064292
1454, 0, 0.00032392
1455, 0, 0.0105329
1461, 1, 0.00148692
1464, 1, 0.00212492
1465, 0, 8.192e-05
1470, 0, 0.0154139
1472, 0, 0.00014192
1477, 1, 0.0110259
1480, 0, 1.092e-05
1484, 1, 0.00080892
1487, 1, 0.00050892
1499, 1, 0.00186192
1500, 1, 0.0102959
1502, 0, 1.092e-05
1504, 0, 8.92e-06
1505, 1, 0.00550392
1507, 1, 0.00426292
1511, 1, 0.00093192
1514, 0, 0.00021292
1515, 1, 0.00240092
1521, 1, 0.00377192
1522, 1, 0.00621092
1534, 0, 4.492e-05
1535, 0, 0.00037192
1538, 1, 0.0106409
1541, 0, 6.592e-05
1542, 0, 9.92e-06
1547, 0, 0.00062092
1548, 1, 0.00158892
1554, 1, 0.00125792
1555, 1, 0.00162192
1557, 0, 9.92e-06
1560, 1, 0.00277092
1562, 0, 9.92e-06
1568, 0, 8.92e-06
1569, 0, 8.92e-06
1571, 0, 8.92e-06
1572, 0, 5.692e-05
1573, 0, 0.00021192
1575, 1, 0.00073992
1579, 1, 0.00121392
1584, 0, 9.92e-06
1585, 0, 2.492e-05
1586, 0, 9.92e-06
1591, 0, 0.00010292
1592, 0, 8.692e-05
1596, 0, 8.92e-06
1601, 1, 0.00413392
1602, 1, 0.00291792
1604, 0, 9.92e-06
1605, 0, 8.92e-06
1606, 1, 0.00244692
1608, 0, 0.00887192
1610, 1, 0.00131492
1624, 1, 0.00110992
1626, 0, 9.92e-06
1627, 0, 8.92e-06
1631, 0, 8.92e-06
1633, 0, 0.00027092
1634, 0, 6.592e-05
1637, 0, 8.92e-06
1639, 1, 0.00356492
1643, 0, 9.92e-06
1650, 0, 8.92e-06
1654, 0, 9.792e-05
1659, 0, 8.292e-05
1661, 1, 0.00273592
1666, 0, 9.92e-06
1670, 0, 8.92e-06
1671, 1, 0.00154792
1681, 1, 0.00038092
1684, 0, 8.092e-05
1690, 0, 0.00010492
1693, 1, 0.00077292
1696, 1, 0.00112592
1699, 1, 0.00368492
1704, 1, 0.00113592
1705, 0, 0.00029392
1706, 0, 9.92e-06
1713, 0, 0.00014692
1715, 1, 0.00080992
1719, 1, 0.00058192
1721, 0, 8.492e-05
1722, 1, 0.00520092
1731, 1, 0.00167592
1739, 0, 9.92e-06
1743, 0, 6.792e-05
1745, 0, 8.92e-06
1746, 0, 9.92e-06
1747, 1, 0.00396092
1752, 0, 0.00974792
1754, 0, 9.92e-06
1758, 0, 8.92e-06
1759, 1, 0.00515492
1762, 1, 0.00014592
1764, 0, 8.92e-06
1770, 0, 8.92e-06
1771, 1, 0.00061692
1773, 0, 8.92e-06
1774, 0, 0.00044592
1778, 0, 2.792e-05
1784, 0, 8.92e-06
1794, 1, 0.00148792
1799, 0, 0.00011092
1804, 0, 0.00013392
1808, 1, 0.00094992
1809, 0, 8.92e-06
1810, 1, 0.00942392
1813, 1, 0.00170092
1816, 1, 0.00686092
1818, 1, 0.00207592
1822, 1, 0.00186992
1823, 0, 0.00111492
1829, 0, 9.92e-06
1830, 1, 0.0123069
1832, 1, 0.00100992
1840, 1, 0.00375092
1844, 0, 1.092e-05
1845, 1, 0.00019392
1848, 0, 0.00011492
1852, 1, 0.00173192
1853, 1, 0.00245792
1856, 0, 0.00019492
1858, 0, 9.92e-06
1859, 1, 0.00332592
1861, 1, 0.00137292
1863, 0, 9.92e-06
1864, 0, 8.92e-06
1865, 1, 0.00465892
1869, 0, 0.00010392
1870, 0, 0.0119039
1873, 0, 9.92e-06
1880, 0, 7.92e-06
1889, 0, 7.392e-05
1890, 1, 0.00449592
1891, 0, 0.00019192
1892, 0, 9.92e-06
1893, 0, 2.992e-05
1897, 1, 0.00078992
1900, 1, 0.00239792
1903, 0, 0.00021992
1905, 0, 7.992e-05
1913, 0, 8.92e-06
1916, 0, 8.292e-05
1919, 0, 2.392e-05
1922, 0, 3.892e-05
1923, 1, 0.00075992
1925, 0, 0.0105749
1926, 0, 0.00023192
1927, 0, 8.992e-05
1933, 0, 0.00018592
1936, 0, 8.92e-06
1937, 0, 8.92e-06
1944, 0, 8.92e-06
1945, 1, 0.00601092
1946, 0, 0.00029692
1947, 0, 8.92e-06
1949, 0, 4.092e-05
1951, 1, 0.00090992
1953, 1, 0.00098892
1956, 1, 0.00320292
1961, 0, 1.092e-05
1963, 0, 0.00016792
1968, 0, 0.00017992
1970, 0, 0.0143319
1982, 0, 1.092e-05
1984, 0, 8.92e-06
1987, 1, 0.00148292
1988, 0, 1.092e-05
1990, 0, 0.00011592
1991, 0, 0.00033392
1992, 1, 0.00173792
1993, 1, 0.00124492
1994, 0, 4.092e-05
1995, 0, 0.00011292
2010, 1, 0.00175292
2013, 0, 0.00011192
2017, 0, 0.00027792
2020, 1, 0.00398692
2021, 0, 0.00012592
2026, 1, 0.00566692
2036, 1, 0.00079892
2040, 0, 9.92e-06
2046, 0, 9.92e-06
2047, 1, 0.00465792
2054, 0, 1.092e-05
2055, 0, 8.92e-06
2059, 0, 8.92e-06
2061, 1, 0.00151892
2062, 1, 0.00093392
2070, 0, 1.192e-05
2076, 1, 0.00447092
2085, 1, 0.00139992
2090, 1, 0.00250692
2094, 0, 9.92e-06
2097, 1, 0.00266792
2099, 0, 0.00727092
2100, 1, 0.00363492
2101, 1, 0.00054292
2102, 1, 0.00101592
2107, 1, 0.00147292
2111, 0, 8.792e-05
2113, 1, 0.00161592
2119, 0, 4.892e-05
2120, 0, 2.292e-05
2121, 1, 0.00096492
2122, 0, 9.92e-06
2123, 0, 9.92e-06
2132, 1, 0.00225892
2133, 1, 0.00070892
2134, 1, 0.00439292
2135, 0, 9.92e-06
2136, 0, 8.92e-06
2138, 1, 0.00106092
2139, 0, 9.92e-06
2140, 1, 0.00079792
2141, 0, 8.92e-06
2144, 0, 0.00810592
2145, 0, 1.192e-05
2148, 1, 0.00301892
2149, 0, 9.92e-06
2155, 1, 0.00153992
2157, 0, 2.392e-05
2163, 0, 8.92e-06
2166, 1, 0.00328992
2169, 0, 1.092e-05
2170, 0, 1.092e-05
2171, 1, 0.00837292
2172, 1, 0.00152192
2175, 0, 9.92e-06
2177, 0, 0.00074992
2179, 0, 1.492e-05
2183, 0, 1.292e-05
2191, 1, 0.00206092
2193, 1, 0.00130592
2195, 1, 0.00154292
2196, 0, 1.092e-05
2199, 0, 9.92e-06
2201, 0, 0.0157169
2209, 1, 0.00159492
2210, 0, 9.92e-06
2215, 0, 8.92e-06
2218, 1, 0.00099092
2219, 1, 0.00173292
2220, 0, 3.692e-05
2224, 0, 9.92e-06
2225, 0, 3.692e-05
2227, 0, 7.92e-06
2228, 1, 0.00093592
2235, 1, 0.00044692
2236, 1, 0.00010492
2244, 1, 0.00116692
2245, 1, 0.00179592
2246, 0, 0.00021092
2256, 0, 8.092e-05
2257, 1, 0.00169292
2262, 0, 0.00013392
2263, 0, 0.00014492
2266, 1, 0.00119992
2271, 1, 0.00156592
2273, 0, 0.0101009
2274, 0, 1.192e-05
2275, 0, 0.00014492
2276, 0, 0.00013592
2278, 0, 0.00014492
2281, 0, 8.92e-06
2285, 0, 8.92e-06
2289, 0, 8.92e-06
2295, 0, 0.00016492
2302, 0, 8.92e-06
2304, 0, 0.0111309
2308, 0, 0.0124399
2320, 1, 0.00313192
2321, 1, 0.00045892
2325, 0, 9.792e-05
2334, 0, 8.92e-06
2337, 0, 2.392e-05
2344, 1, 0.00076892
2346, 0, 2.992e-05
2350, 1, 0.00094192
2351, 1, 0.00063592
2353, 1, 0.00185492
2354, 0, 7.192e-05
2364, 0, 9.92e-06
2368, 1, 0.00134392
2372, 0, 8.92e-06
2373, 0, 8.92e-06
2375, 0, 6.692e-05
2377, 0, 0.00014892
2381, 0, 9.92e-06
2383, 1, 0.00300692
2385, 1, 0.00302592
2388, 0, 9.92e-06
2390, 1, 0.00277792
2391, 1, 0.00229492
2392, 1, 0.00333292
2394, 0, 0.00021692
2395, 0, 9.92e-06
2396, 0, 8.92e-06
2398, 0, 7.92e-06
2399, 1, 0.00254692
2401, 0, 8.92e-06
2402, 0, 0.00012792
2406, 1, 0.00016692
2407, 0, 0.0149059
2414, 1, 0.00354892
2416, 1, 0.00168292
2417, 0, 1.092e-05
2420, 0, 8.92e-06
2430, 0, 8.92e-06
2432, 0, 0.00027092
2440, 1, 0.00274992
2441, 0, 1.092e-05
2443, 0, 6.392e-05
2444, 0, 9.92e-06
2449, 0, 4.092e-05
2460, 0, 8.92e-06
2461, 0, 0.00969292
2468, 0, 1.192e-05
2479, 0, 9.92e-06
2482, 1, 0.00276292
2483, 0, 2.492e-05
2485, 0, 1.192e-05
2486, 0, 0.00011392
2490, 1, 0.00026992
2493, 0, 9.192e-05
2494, 0, 9.92e-06
2497, 0, 8.92e-06
2507, 1, 0.00981192
2511, 0, 5.092e-05
2515, 0, 1.092e-05
2516, 0, 0.00019892
2522, 0, 8.92e-06
2524, 0, 4.392e-05
2526, 0, 0.00016192
2530, 0, 9.92e-06
2533, 0, 7.92e-06
2538, 1, 0.00135592
2540, 1, 0.00451192
2547, 0, 0.00022892
2557, 1, 0.00127492
2560, 0, 4.992e-05
2562, 0, 8.92e-06
2563, 0, 8.492e-05
2566, 0, 8.92e-06
2568, 0, 0.0154249
2570, 1, 0.00227692
2572, 1, 0.00267492
2576, 0, 9.92e-06
2580, 1, 0.00055492
2592, 1, 0.00091092
2593, 1, 0.00237492
2595, 0, 2.392e-05
2600, 0, 0.00012592
2604, 0, 8.92e-06
2605, 1, 0.00118192
2608, 0, 3.292e-05
2609, 0, 8.92e-06
2611, 0, 8.92e-06
2612, 0, 8.92e-06
2613, 0, 8.92e-06
2618, 0, 0.0109259
2620, 0, 1.092e-05
2630, 0, 8.92e-06
2631, 0, 0.00050792
2640, 0, 8.92e-06
2641, 1, 0.00253892
2646, 0, 9.92e-06
2648, 0, 0.00013492
2649, 1, 0.00709492
2650, 0, 0.00013092
2655, 0, 0.00143592
2657, 0, 9.92e-06
2665, 0, 8.92e-06
2668, 0, 7.92e-06
2669, 1, 0.00407192
2671, 1, 0.00504592
2672, 0, 1.192e-05
2675, 0, 8.92e-06
2676, 0, 9.92e-06
2679, 1, 0.00097192
2682, 0, 9.92e-06
2683, 1, 0.00360192
2686, 0, 1.692e-05
2688, 0, 1.292e-05
2698, 1, 0.00055592
2699, 1, 0.00535592
2703, 0, 0.0119989
2713, 1, 0.00394292
2723, 1, 0.00433192
2725, 0, 0.00023692
2727, 1, 0.00182592
2731, 1, 0.00126592
2736, 0, 0.00014492
2737, 1, 0.00940092
2738, 1, 0.00071592
2739, 0, 0.0160169
2741, 0, 9.92e-06
2742, 0, 9.92e-06
2744, 1, 0.00044292
2747, 0, 0.00013992
2750, 0, 8.92e-06
2753, 0, 0.00017892
2755, 0, 0.00012292
2761, 0, 8.92e-06
2762, 0, 8.92e-06
2763, 0, 0.00015792
2765, 0, 8.92e-06
2766, 0, 7.92e-06
2769, 0, 3.592e-05
2771, 0, 8.92e-06
2774, 0, 7.592e-05
2780, 0, 7.992e-05
2782, 1, 0.00121492
2784, 0, 9.92e-06
2786, 0, 8.92e-06
2790, 0, 8.92e-06
2793, 0, 8.92e-06
2799, 1, 0.00223592
2801, 1, 0.00094992
2802, 0, 0.00027692
2803, 0, 0.00022092
2804, 0, 0.00011492
2809, 0, 8.92e-06
2810, 0, 5.292e-05
2811, 1, 0.00250992
2816, 0, 9.392e-05
2817, 1, 0.00239692
2819, 0, 7.792e-05
2823, 0, 0.00027692
2828, 0, 0.00787692
2830, 1, 0.00159192
2832, 1, 0.00567992
2833, 0, 1.092e-05
2834, 0, 0.00120292
2835, 0, 0.00800492
2837, 1, 0.00394892
2841, 1, 0.00089792
2852, 1, 0.00833092
2853, 1, 0.00636792
2858, 0, 0.00010192
2861, 1, 0.00120292
2862, 0, 1.292e-05
2864, 1, 0.00151392
2873, 0, 8.792e-05
2875, 0, 8.92e-06
2879, 0, 2.292e-05
2880, 0, 8.192e-05
2882, 1, 0.00703392
2883, 1, 0.00112492
2886, 1, 0.00327792
2887, 0, 0.00047692
2888, 0, 9.92e-06
2892, 0, 6.092e-05
2893, 1, 0.00344592
2894, 0, 0.00022892
2898, 0, 0.00013592
2899, 0, 8.92e-06
2901, 0, 8.92e-06
2903, 1, 0.00198992
2904, 0, 9.292e-05
2907, 0, 1.192e-05
2911, 1, 0.00098792
2912, 0, 9.92e-06
2915, 0, 8.92e-06
2918, 1, 0.0169099
2920, 0, 0.0124559
2924, 0, 9.92e-06
2928, 1, 0.00094692
2929, 1, 0.00668692
2935, 0, 0.00032192
2943, 0, 9.92e-06
2944, 1, 0.00041692
2946, 0, 9.92e-06
2955, 0, 0.00013292
2959, 0, 8.92e-06
2962, 0, 8.92e-06
2971, 0, 8.92e-06
2972, 0, 0.00017592
2977, 0, 0.00011992
2979, 1, 0.00071592
2980, 0, 9.92e-06
2986, 1, 0.00395292
2991, 0, 8.92e-06
2992, 0, 3.092e-05
2996, 1, 0.00238092
2997, 0, 0.00014092
2998, 0, 0.00737292
2999, 0, 9.92e-06
3003, 0, 0.0133209
3011, 0, 1.092e-05
3012, 0, 8.92e-06
3013, 1, 0.00390892
3015, 0, 0.00064692
3022, 0, 9.92e-06
3025, 1, 0.00224692
3027, 1, 0.00446892
3029, 0, 9.92e-06
3031, 0, 8.92e-06
3032, 0, 7.92e-06
3036, 0, 5.992e-05
3037, 0, 8.92e-06
3038, 1, 0.00027692
3043, 0, 0.00010292
3046, 0, 8.92e-06
3048, 0, 7.92e-06
3049, 1, 0.00239092
3050, 1, 0.00330992
3051, 1, 0.00225092
3057, 1, 0.00131492
3060, 0, 9.92e-06
3064, 0, 8.92e-06
3070, 0, 7.92e-06
3072, 0, 0.00011292
3076, 0, 8.92e-06
3083, 1, 0.00689292
3084, 1, 0.00055192
3085, 0, 6.392e-05
3088, 0, 8.92e-06
3089, 0, 7.92e-06
3090, 0, 0.0121909
3096, 1, 0.00237492
3097, 0, 1.092e-05
3098, 1, 0.00237592
3100, 0, 0.00023492
3105, 0, 9.92e-06
3107, 1, 0.00160292
3109, 1, 0.00278892
3118, 1, 0.00061392
3121, 0, 7.592e-05
3126, 1, 0.00171992
3128, 1, 0.00152592
3133, 0, 5.192e-05
3141, 1, 0.00070892
3145, 0, 0.00012692
3151, 0, 0.00011592
3156, 0, 0.00063192
3159, 0, 5.392e-05
3161, 1, 0.00191892
3166, 0, 7.992e-05
3167, 0, 0.00019992
3169, 1, 0.00195692
3174, 0, 1.092e-05
3177, 0, 9.92e-06
3178, 0, 9.92e-06
3179, 0, 8.92e-06
3184, 1, 0.00329792
3187, 0, 9.92e-06
3189, 0, 9.92e-06
3196, 0, 0.00028492
3198, 1, 0.00281292
3199, 0, 0.00014692
3200, 0, 9.92e-06
3207, 0, 8.92e-06
3209, 0, 1.492e-05
3216, 0, 1.392e-05
3219, 0, 0.0116649
3220, 0, 0.00013792
3222, 0, 0.0104249
3223, 0, 1.092e-05
3224, 1, 0.00097892
3227, 1, 0.00023092
3228, 1, 0.00047192
3229, 0, 1.092e-05
3236, 0, 8.92e-06
3237, 0, 8.92e-06
3238, 0, 6.992e-05
3239, 0, 8.92e-06
3246, 0, 8.92e-06
3248, 0, 0.00017292
3249, 0, 0.00011992
3250, 0, 0.0164159
3252, 0, 1.792e-05
3259, 0, 1.492e-05
3260, 1, 0.00081692
3267, 0, 9.092e-05
3268, 0, 1.392e-05
3272, 1, 0.00131692
3273, 1, 0.00885992
3274, 0, 4.592e-05
3278, 0, 8.92e-06
3279, 0, 0.0102009
3281, 1, 0.00374892
3288, 0, 9.92e-06
3289, 1, 0.00131092
3290, 0, 9.92e-06
3291, 0, 8.92e-06
3292, 0, 7.92e-06
3297, 1, 0.00144992
3302, 0, 9.92e-06
3309, 1, 0.00599492
3317, 0, 9.92e-06
3321, 0, 8.92e-06
3322, 0, 8.92e-06
3323, 1, 0.00153292
3324, 0, 0.00012592
3325, 0, 8.92e-06
3326, 1, 0.00363292
3330, 0, 1.192e-05
3332, 0, 9.92e-06
3335, 1, 0.00189092
3341, 1, 0.00511792
3342, 1, 0.00060092
3345, 0, 9.92e-06
3346, 0, 0.00921992
3349, 1, 0.00308892
3350, 0, 6.292e-05
3351, 1, 0.00143692
3358, 1, 0.00541092
3362, 0, 9.92e-06
3370, 0, 9.92e-06
3371, 0, 4.092e-05
3373, 0, 8.092e-05
3377, 0, 5.192e-05
3380, 1, 0.00785192
3383, 0, 9.92e-06
3389, 0, 7.892e-05
3393, 1, 0.00123892
3396, 1, 0.00113792
3398, 0, 9.92e-06
3399, 0, 8.92e-06
3400, 0, 8.92e-06
3402, 1, 0.00055292
3407, 1, 0.00300492
3412, 0, 0.0109809
3425, 0, 1.192e-05
3427, 0, 5.292e-05
3431, 1, 0.00422892
3432, 1, 0.00035792
3435, 1, 0.00051392
3443, 0, 9.92e-06
3446, 1, 0.00233492
3458, 1, 0.00044992
3466, 0, 0.00018192
3468, 0, 2.692e-05
3474, 0, 6.792e-05
3478, 0, 8.92e-06
3479, 1, 0.00092492
3483, 0, 0.00011892
3499, 1, 0.00162092
3504, 0, 0.0158149
3506, 1, 0.00728692
3508, 1, 0.00723492
3510, 0, 0.00020092
3511, 0, 8.192e-05
3519, 1, 0.00334892
3520, 1, 0.00334592
3524, 1, 0.00470992
3526, 1, 0.00147592
3529, 0, 7.792e-05
3532, 1, 0.00564792
3533, 0, 1.092e-05
3535, 1, 0.00196892
3549, 0, 9.92e-06
3551, 1, 0.00211192
3554, 0, 0.00016192
3562, 1, 0.00091492
3573, 0, 0.0102929
3576, 0, 1.092e-05
3581, 1, 0.00165292
3582, 1, 0.00124692
3586, 1, 0.00351192
3587, 0, 1.092e-05
3592, 1, 0.00747992
3595, 0, 9.92e-06
3596, 0, 8.292e-05
3597, 0, 0.00031792
3598, 1, 0.00582092
3599, 0, 1.092e-05
3601, 1, 0.00168092
3606, 0, 0.0107459
3611, 0, 1.192e-05
3612, 0, 5.292e-05
3613, 0, 0.00015492
3616, 0, 9.92e-06
3620, 0, 6.992e-05
3622, 0, 8.92e-06
3625, 0, 0.00920092
3628, 0, 1.092e-05
3630, 0, 8.592e-05
3631, 1, 0.00658892
3636, 0, 9.192e-05
3638, 0, 8.92e-06
3641, 0, 8.92e-06
3643, 0, 8.92e-06
3645, 0, 8.92e-06
3648, 0, 9.92e-06
3652, 0, 0.0104799
3664, 0, 0.00979992
3666, 1, 0.0125439
3668, 0, 0.00012292
3670, 1, 0.00086292
3671, 0, 9.92e-06
3672, 0, 8.92e-06
3681, 0, 9.692e-05
3682, 0, 9.92e-06
3683, 1, 0.00475692
3684, 1, 0.00319392
3686, 0, 9.92e-06
3688, 0, 0.00990392
3691, 1, 0.00073292
3692, 1, 0.00111592
3695, 0, 9.92e-06
3697, 0, 9.92e-06
3698, 0, 8.92e-06
3703, 0, 0.00052892
3708, 1, 0.00142992
3709, 1, 0.00235192
3711, 0, 9.92e-06
3713, 0, 8.92e-06
3716, 1, 0.00078092
3718, 1, 0.00157092
3722, 0, 9.92e-06
3723, 1, 0.00774392
3724, 1, 0.00105292
3725, 0, 0.00014492
3728, 0, 9.92e-06
3729, 0, 0.0101459
3733, 0, 0.00022992
3734, 0, 9.92e-06
3735, 1, 0.00558292
3746, 0, 0.00031592
3747, 0, 0.00020092
3754, 1, 0.00250992
3755, 0, 0.00898692
3758, 0, 8.592e-05
3761, 0, 9.492e-05
3768, 0, 2.392e-05
3769, 1, 0.00360492
3770, 0, 4.792e-05
3771, 1, 0.00228392
3777, 0, 0.00011692
3779, 1, 0.00207292
3780, 0, 9.192e-05
3782, 1, 0.00112292
3786, 1, 0.00181692
3789, 1, 0.00097092
3790, 1, 0.00743192
3791, 0, 1.092e-05
3792, 0, 8.92e-06
3806, 0, 0.00012692
3807, 0, 8.92e-06
3809, 1, 0.00161392
3810, 0, 9.92e-06
3813, 0, 0.00012492
3816, 0, 0.00018392
3818, 0, 9.92e-06
3821, 0, 7.392e-05
3830, 0, 8.92e-06
3832, 1, 0.00050292
3833, 1, 0.00091292
3834, 0, 9.92e-06
3835, 0, 9.92e-06
3838, 1, 0.00347692
3841, 0, 0.00653492
3843, 1, 0.00082292
3844, 0, 0.00030492
3848, 0, 3.092e-05
3853, 0, 8.92e-06
3854, 0, 7.92e-06
3858, 0, 0.0148509
3861, 1, 0.00417892
3862, 0, 1.092e-05
3864, 1, 0.00189692
3865, 0, 0.00017692
3868, 0, 3.692e-05
3870, 0, 8.592e-05
3871, 0, 1.292e-05
3884, 0, 0.00044292
3888, 1, 0.00453492
3889, 0, 0.0109419
3891, 0, 1.092e-05
3892, 0, 0.00015692
3909, 0, 0.00017492
3912, 1, 0.00383092
3920, 0, 1.192e-05
3924, 0, 7.492e-05
3928, 0, 9.92e-06
3929, 0, 0.00032992
3932, 0, 0.00027292
3934, 0, 9.92e-06
3935, 1, 0.00348792
3938, 0, 9.92e-06
3941, 1, 0.00027692
3943, 0, 8.92e-06
3945, 1, 0.00275392
3949, 0, 0.00925992
3950, 1, 0.00100592
3951, 0, 0.00035392
3952, 0, 0.00036592
3954, 0, 0.00014792
3957, 0, 4.792e-05
3958, 0, 9.92e-06
3962, 1, 0.00370492
3964, 0, 9.92e-06
3965, 1, 0.00055392
3966, 1, 0.00043792
3967, 1, 0.00305692
3968, 1, 0.00225992
3970, 1, 0.00189592
3971, 0, 8.892e-05
3982, 1, 0.00795392
3985, 1, 0.00148592
3986, 0, 4.692e-05
3993, 1, 0.00346792
3997, 0, 9.92e-06
4001, 0, 4.892e-05
4003, 0, 9.92e-06
4006, 0, 0.00011792
4007, 1, 0.00133392
4013, 0, 9.92e-06
4023, 0, 8.92e-06
4024, 0, 5.592e-05
4029, 0, 4.092e-05
4030, 0, 8.92e-06
4031, 0, 2.992e-05
4034, 0, 7.192e-05
4039, 0, 8.92e-06
4043, 1, 0.00178592
4049, 0, 0.00013992
4052, 0, 9.92e-06
4053, 0, 8.92e-06
4055, 1, 0.00396592
4058, 0, 9.92e-06
4063, 1, 0.00311492
4066, 1, 0.00218892
4068, 0, 9.92e-06
4070, 0, 4.492e-05
4071, 0, 8.92e-06
4072, 0, 0.00072692
4073, 0, 6.392e-05
4081, 0, 9.92e-06
4082, 0, 5.392e-05
4083, 1, 0.00320092
4086, 0, 9.92e-06
4092, 1, 0.00193292
4093, 1, 0.00155492
4095, 0, 9.92e-06
4102, 1, 0.00041092
4103, 0, 9.192e-05
4105, 0, 8.92e-06
4107, 1, 0.00073492
4108, 0, 9.92e-06
4110, 1, 0.00248692
4112, 1, 0.00076192
4114, 1, 0.00210992
4118, 1, 0.00137792
4123, 0, 0.0126839
4126, 0, 0.00963892
4129, 1, 0.00216592
4132, 0, 9.92e-06
4134, 0, 8.92e-06
4137, 0, 0.00011792
4138, 1, 0.00092392
4143, 0, 2.292e-05
4144, 1, 0.0107659
4148, 0, 1.092e-05
4149, 1, 0.00112592
4150, 0, 3.292e-05
4151, 1, 0.00214992
4154, 1, 0.00023792
4157, 0, 0.0149349
4160, 0, 1.292e-05
4162, 0, 9.92e-06
4171, 0, 8.92e-06
4175, 0, 9.692e-05
4182, 1, 0.00312192
4185, 0, 7.292e-05
4187, 0, 0.00011792
4188, 1, 0.00027692
4189, 0, 8.092e-05
4191, 0, 0.00127392
4195, 1, 0.00256892
4196, 0, 0.00032792
4197, 0, 0.00017392
4198, 0, 8.92e-06
4199, 0, 8.92e-06
4205, 0, 8.92e-06
4207, 0, 7.92e-06
4209, 1, 0.00016792
4210, 0, 0.00010492
4211, 1, 0.00148192
4213, 1, 0.0123589
4214, 0, 1.192e-05
4217, 0, 8.92e-06
4219, 0, 0.0122319
4226, 0, 1.192e-05
4231, 1, 0.00112292
4232, 0, 1.092e-05
4233, 0, 8.92e-06
4237, 0, 0.00012392
4245, 0, 0.00020592
4248, 1, 0.00067692
4254, 0, 9.92e-06
4256, 0, 0.00011792
4265, 0, 8.92e-06
4267, 1, 0.00244192
4273, 0, 9.92e-06
4274, 0, 8.592e-05
4281, 1, 0.00106892
4283, 0, 8.92e-06
4287, 1, 0.00042692
4293, 0, 7.292e-05
4296, 0, 8.92e-06
4297, 0, 0.00014792
4299, 0, 2.592e-05
4301, 1, 0.0111569
4302, 0, 0.00012992
4307, 1, 0.00330792
4309, 0, 0.00804992
4312, 0, 0.00018092
4315, 0, 0.00042192
4319, 1, 0.00258892
4323, 0, 0.00039992
4327, 0, 8.92e-06
4331, 0, 8.92e-06
4334, 1, 0.00303692
4340, 0, 0.0107719
4344, 0, 0.00012492
4345, 0, 9.92e-06
4347, 1, 0.00146592
4355, 1, 0.00150492
4363, 0, 0.00020392
4365, 1, 0.00088692
4366, 0, 1.092e-05
4367, 0, 8.92e-06
4369, 0, 0.00010092
4371, 0, 0.00903792
4372, 0, 0.00017792
4374, 0, 8.92e-06
4376, 0, 0.00016892
4377, 0, 8.92e-06
4379, 0, 0.00011292
4380, 0, 6.392e-05
4382, 0, 8.92e-06
4384, 0, 8.92e-06
4386, 0, 0.00744592
4398, 1, 0.00399592
4401, 1, 0.00184192
4404, 1, 0.00353192
4408, 1, 0.00200492
4410, 0, 0.00014692
4419, 0, 3.892e-05
4422, 0, 0.00010892
4425, 1, 0.00050592
4429, 0, 9.92e-06
4438, 1, 0.00455092
4442, 0, 1.092e-05
4443, 1, 0.00445592
4447, 0, 1.092e-05
4448, 0, 0.0140519
4450, 0, 0.0122329
4451, 1, 0.00231492
4452, 0, 1.092e-05
4453, 0, 9.92e-06
4455, 0, 0.00015192
4465, 0, 8.92e-06
4471, 1, 0.00047592
4477, 0, 0.00058892
4478, 0, 9.92e-06
4479, 1, 0.00371792
4480, 1, 0.00212892
4485, 0, 9.92e-06
4486, 1, 0.00236492
4490, 0, 1.192e-05
4491, 1, 0.00175392
4492, 1, 0.00219592
4495, 0, 0.00011592
4496, 0, 0.00187492
4498, 1, 0.0103119
4499, 0, 0.0101009
4504, 0, 1.092e-05
4505, 1, 0.00063992
4506, 1, 0.00096792
4511, 0, 0.00018592
4517, 0, 3.792e-05
4518, 1, 0.00269492
4521, 1, 0.00216192
4524, 0, 9.92e-06
4528, 0, 0.00011892
4533, 0, 9.92e-06
4535, 0, 8.92e-06
4543, 1, 0.00198292
4554, 1, 0.00031592
4558, 0, 5.592e-05
4559, 0, 0.00010392
4562, 1, 0.00021292
4563, 1, 0.00258392
4564, 0, 0.00941392
4565, 0, 1.192e-05
4566, 1, 0.00229192
4570, 0, 0.0121429
4571, 1, 0.00341092
4576, 0, 0.00011792
4582, 1, 0.00390292
4586, 0, 9.92e-06
4589, 0, 9.692e-05
4590, 1, 0.00391192
4591, 0, 0.00017492
4598, 0, 3.392e-05
4603, 0, 0.00010892
4604, 0, 9.92e-06
4610, 1, 0.00408892
4618, 0, 9.92e-06
4620, 0, 0.00011692
4622, 1, 0.00163992
4627, 1, 0.00358192
4635, 1, 0.00145092
4636, 1, 0.00157392
4637, 0, 0.00151692
4638, 0, 0.00015692
4642, 1, 0.00387692
4646, 1, 0.00549592
4649, 0, 1.092e-05
4651, 0, 4.792e-05
4652, 0, 0.00017492
4660, 1, 0.00211692
4661, 0, 0.0140919
4668, 1, 0.00917292
4672, 0, 9.892e-05
4676, 0, 2.992e-05
4677, 0, 6.992e-05
4681, 1, 0.00304392
4682, 1, 0.00398792
4685, 0, 9.292e-05
4690, 0, 0.00019992
4696, 1, 0.00373692
4700, 0, 0.00026392
4704, 0, 8.92e-06
4710, 0, 0.00011992
4716, 0, 0.00969392
4718, 0, 9.92e-06
4719, 0, 8.192e-05
4722, 0, 5.792e-05
4723, 0, 4.992e-05
4724, 0, 6.092e-05
4733, 1, 0.00103892
4738, 0, 9.92e-06
4746, 0, 8.92e-06
4747, 1, 0.00192292
4749, 0, 9.92e-06
4751, 1, 0.00471392
4757, 0, 9.92e-06
4758, 0, 8.92e-06
4760, 1, 0.00146292
4763, 0, 6.392e-05
4765, 1, 0.00340192
4766, 1, 0.0124869
4768, 0, 1.092e-05
4769, 1, 0.00078192
4771, 0, 0.00030692
4775, 0, 9.92e-06
4777, 1, 0.00276892
4780, 1, 0.00334292
4781, 1, 0.00015292
4784, 0, 9.92e-06
4789, 0, 8.92e-06
4803, 0, 0.00011492
4805, 0, 0.00044692
4807, 0, 0.0129729
4808, 0, 1.092e-05
4809, 1, 0.00273392
4811, 1, 0.00124392
4815, 1, 0.00090992
4816, 0, 9.92e-06
4821, 0, 8.92e-06
4825, 1, 0.00491892
4827, 0, 0.00970292
4830, 1, 0.00240392
4834, 0, 9.92e-06
4836, 1, 0.00537292
4837, 1, 0.00167092
4838, 0, 0.00013492
4841, 0, 0.00012092
4844, 1, 0.00509492
4846, 0, 9.92e-06
4848, 1, 0.00115192
4854, 0, 0.00911992
4855, 1, 0.00170292
4858, 1, 0.00176092
4861, 0, 0.0109189
4867, 0, 9.292e-05
4868, 0, 7.492e-05
4869, 1, 0.00867192
4875, 0, 0.0134699
4876, 0, 0.00025892
4880, 0, 9.92e-06
4881, 1, 0.00080792
4882, 0, 0.00012992
4884, 0, 0.00020892
4887, 1, 0.00221992
4889, 0, 4.692e-05
4891, 1, 0.00333992
4893, 1, 0.00981492
4895, 0, 7.392e-05
4902, 1, 0.00349292
4904, 1, 0.0123919
4905, 0, 2.592e-05
4910, 1, 0.00189892
4911, 1, 0.00138092
4914, 1, 0.00100092
4920, 0, 9.92e-06
4925, 1, 0.00247192
4926, 1, 0.00464692
4927, 0, 1.092e-05
4928, 0, 8.92e-06
4930, 1, 0.00058392
4931, 0, 0.00917792
4941, 0, 1.192e-05
4943, 1, 0.00050692
4944, 0, 0.00013192
4946, 1, 0.00533892
4951, 1, 0.00147192
4952, 1, 0.00255492
4955, 0, 0.00037792
4958, 0, 7.392e-05
4963, 0, 9.92e-06
4966, 1, 0.00863292
4973, 1, 0.00050592
4974, 1, 0.0109459
4977, 0, 0.00010492
4979, 1, 0.00112392
4985, 0, 9.92e-06
4988, 0, 8.92e-06
4990, 0, 8.92e-06
4996, 0, 8.92e-06
4999, 0, 0.00012592
5002, 0, 8.92e-06
5007, 0, 3.492e-05
5011, 1, 0.00271292
5016, 0, 0.00015392
5018, 0, 0.00012692
5020, 1, 0.00262892
5023, 0, 9.92e-06
5026, 0, 8.92e-06
5027, 0, 8.92e-06
5028, 0, 8.92e-06
5029, 1, 0.00189892
5030, 0, 0.00073192
5031, 0, 0.00026492
5038, 0, 9.92e-06
5043, 1, 0.00672292
5044, 1, 0.00830792
5046, 0, 0.0140169
5048, 0, 1.192e-05
5053, 0, 0.00029592
5055, 1, 0.00431692
5058, 0, 9.92e-06
5059, 0, 6.192e-05
5060, 1, 0.00121392
5062, 0, 2.292e-05
5063, 0, 0.00013392
5066, 0, 9.92e-06
5069, 0, 7.892e-05
5070, 1, 0.00172492
5072, 1, 0.00192192
5081, 0, 0.00011592
5083, 1, 0.00112592
5084, 0, 0.00011092
5086, 0, 0.00043792
5088, 0, 0.00033992
5089, 0, 8.92e-06
5091, 0, 0.00031792
5095, 0, 0.00013592
5097, 1, 0.00069892
5102, 1, 0.00043792
5103, 0, 0.0106519
5104, 0, 9.92e-06
5106, 0, 0.00016992
5109, 1, 0.00076492
5112, 0, 9.92e-06
5113, 1, 0.00250092
5115, 0, 9.92e-06
5119, 1, 0.00130892
5120, 1, 0.00026392
5121, 0, 9.92e-06
5122, 0, 8.92e-06
5123, 1, 0.00204592
5124, 0, 7.192e-05
5126, 0, 0.0105069
5127, 1, 0.00230892
5128, 0, 0.00026392
5133, 0, 0.00018192
5134, 1, 0.00359392
5136, 0, 8.692e-05
5140, 1, 0.00080792
5141, 0, 9.92e-06
5143, 0, 8.92e-06
5147, 0, 9.92e-06
5149, 1, 0.00576292
5150, 0, 1.092e-05
5157, 1, 0.00108792
5158, 0, 0.00011392
5170, 0, 0.00018092
5172, 1, 0.0106979
5173, 0, 1.092e-05
5178, 1, 0.00458092
5179, 0, 0.00044392
5180, 1, 0.00292992
5181, 0, 1.292e-05
5186, 1, 0.00179692
5188, 0, 3.692e-05
5190, 1, 0.00441992
5191, 0, 0.00014292
5192, 0, 0.00014792
5193, 1, 0.00171592
5196, 0, 9.92e-06
5199, 1, 0.00116992
5200, 0, 9.92e-06
5203, 0, 0.00014592
5205, 1, 0.00194192
5211, 0, 1.092e-05
5213, 0, 5.492e-05
5214, 1, 0.00060992
5216, 0, 0.00058492
5217, 0, 0.00012892
5221, 0, 8.92e-06
5227, 1, 0.00067892
5228, 0, 9.92e-06
5230, 1, 8.592e-05
5235, 0, 9.192e-05
5240, 0, 8.92e-06
5242, 1, 0.00279692
5244, 1, 0.00781892
5249, 0, 1.092e-05
5251, 0, 0.00010192
5254, 0, 9.92e-06
5258, 0, 8.92e-06
5259, 1, 0.00265092
5261, 0, 0.00028692
5264, 0, 0.00012292
5265, 0, 0.00011192
5273, 0, 0.00012492
5281, 0, 0.00036192
5283, 0, 1.092e-05
5284, 0, 0.00024792
5290, 0, 1.092e-05
5291, 0, 8.92e-06
5299, 0, 2.792e-05
5301, 0, 0.00919792
5305, 1, 0.00128792
5308, 0, 9.92e-06
5323, 0, 8.92e-06
5324, 0, 0.00020292
5328, 0, 8.92e-06
5329, 1, 0.00224292
5330, 0, 0.00014592
5331, 1, 0.00143092
5332, 0, 0.0109669
5335, 0, 5.692e-05
5336, 0, 0.0102049
5344, 0, 9.92e-06
5346, 1, 0.00057592
5350, 0, 9.492e-05
5351, 1, 0.00103492
5362, 0, 0.0104749
5363, 0, 0.00010992
5364, 0, 9.92e-06
5366, 0, 2.292e-05
5367, 1, 0.00039792
5369, 0, 9.92e-06
5372, 1, 0.00305892
5374, 0, 0.00018292
5375, 0, 1.392e-05
5379, 0, 1.192e-05
5384, 1, 0.00248792
5385, 1, 0.00268692
5386, 0, 0.0105379
5400, 0, 2.592e-05
5402, 0, 8.92e-06
5408, 0, 8.192e-05
5409, 0, 0.00015392
5410, 0, 9.92e-06
5412, 0, 0.00010792
5414, 0, 9.792e-05
5421, 1, 0.00222092
5423, 1, 0.00241392
5424, 0, 0.00012392
5429, 0, 0.00020292
5430, 0, 9.92e-06
5433, 0, 8.92e-06
5435, 1, 0.00641992
5436, 0, 9.92e-06
5439, 0, 0.00013692
5440, 0, 9.92e-06
5442, 0, 8.92e-06
5448, 0, 7.192e-05
5449, 0, 8.92e-06
5450, 1, 0.00135892
5451, 0, 1.292e-05
5455, 0, 3.992e-05
5459, 1, 0.00325992
5460, 1, 0.00237892
5466, 0, 0.00962292
5467, 1, 0.00463892
5473, 0, 1.092e-05
5478, 1, 0.00104192
5479, 1, 0.00381592
5481, 0, 1.192e-05
5483, 1, 0.00220692
5485, 1, 0.00535992
5488, 1, 0.00130492
5490, 0, 1.192e-05
5494, 0, 8.92e-06
5497, 0, 0.00012292
5503, 0, 8.92e-06
5504, 0, 0.0114379
5506, 0, 0.0123489
5507, 1, 0.00211892
5508, 0, 0.00022592
5509, 0, 9.92e-06
5515, 0, 0.00918092
5521, 0, 0.00010192
5524, 1, 0.00446192
5525, 0, 1.592e-05
5527, 0, 0.0101379
5531, 0, 0.00820892
5532, 0, 4.492e-05
5538, 1, 0.00027992
5539, 1, 0.00212792
5540, 0, 0.00038092
5543, 0, 3.892e-05
5548, 1, 0.00369592
5550, 1, 0.00281192
5553, 0, 0.00018292
5554, 0, 1.492e-05
5559, 1, 0.00410192
5561, 0, 0.00015092
5564, 0, 0.00013092
5565, 0, 9.92e-06
5571, 1, 0.00105992
5573, 0, 9.92e-06
5578, 0, 8.92e-06
5579, 0, 8.92e-06
5580, 0, 7.092e-05
5584, 0, 0.00010592
5593, 0, 8.92e-06
5594, 0, 7.92e-06
5596, 0, 0.00026792
5603, 0, 0.0111289
5607, 0, 9.92e-06
5609, 1, 0.00150092
5610, 0, 9.92e-06
5617, 0, 8.92e-06
5620, 0, 0.0122289
5621, 1, 0.00079792
5624, 1, 0.00402992
5629, 1, 0.00351592
5632, 0, 9.92e-06
5633, 0, 0.00053392
5634, 0, 0.00028292
5637, 0, 9.92e-06
5639, 0, 3.092e-05
5640, 0, 8.92e-06
5641, 1, 0.00195292
5646, 0, 4.392e-05
5647, 1, 0.00602692
5650, 0, 1.092e-05
5653, 1, 0.00063192
5654, 1, 0.00087792
5655, 0, 0.00013092
5658, 0, 7.092e-05
5659, 1, 0.00342192
5670, 0, 0.00941292
5674, 1, 0.00573592
5676, 1, 0.00659592
5679, 1, 0.00395992
5680, 0, 1.692e-05
5687, 1, 0.00168392
5692, 1, 0.00116392
5694, 0, 0.00015592
5695, 0, 0.00057292
5698, 0, 0.00019892
5702, 0, 8.792e-05
5703, 0, 0.00444592
5707, 1, 0.00165892
5711, 0, 0.00046292
5712, 1, 0.00538492
5713, 0, 1.192e-05
5714, 1, 0.00228792
5715, 1, 0.00298192
5717, 1, 0.0207499
5722, 0, 0.0116079
5730, 0, 1.092e-05
5737, 0, 6.492e-05
5739, 1, 0.00154292
5748, 0, 9.92e-06
5750, 0, 7.492e-05
5752, 1, 0.00068592
5756, 0, 0.00975992
5757, 1, 0.00197292
5760, 1, 0.00148292
5768, 0, 9.92e-06
5769, 0, 0.0110839
5770, 0, 9.92e-06
5777, 0, 0.00793192
5783, 0, 1.192e-05
5786, 0, 0.0112919
5788, 0, 1.092e-05
5789, 0, 8.92e-06
5798, 0, 8.92e-06
5801, 0, 0.00994092
5803, 1, 0.00439292
5804, 1, 0.00901192
5805, 0, 0.00019192
5807, 0, 0.00014592
5809, 0, 9.92e-06
5820, 0, 9.92e-06
5822, 0, 0.0110739
5824, 1, 0.00033492
5825, 0, 7.392e-05
5827, 1, 0.00065092
5828, 0, 0.0103149
5830, 1, 0.00174292
5832, 1, 0.00147492
5835, 0, 2.592e-05
5836, 1, 0.00324892
5841, 1, 0.00119392
5842, 0, 9.92e-06
5847, 1, 0.0121459
5850, 1, 0.00021992
5854, 0, 0.0128349
5855, 1, 0.00098292
5866, 0, 9.92e-06
5867, 0, 0.0118189
5868, 0, 1.192e-05
5870, 1, 0.00307492
5873, 1, 0.00187992
5874, 0, 0.00013392
5876, 1, 0.00558692
5878, 0, 0.00020092
5879, 0, 9.92e-06
5880, 0, 8.92e-06
5883, 0, 8.92e-06
5885, 1, 0.00494592
5886, 1, 0.00131292
5888, 1, 0.00029592
5890, 0, 9.92e-06
5891, 0, 0.0110769
5896, 0, 1.192e-05
5897, 0, 9.92e-06
5900, 0, 8.92e-06
5904, 1, 0.00104892
5910, 0, 0.00010392
5911, 1, 0.00338492
5918, 1, 0.00305892
5927, 0, 9.92e-06
5929, 1, 0.00419692
5938, 0, 5.892e-05
5939, 1, 0.00218192
5940, 1, 0.00174592
5943, 1, 0.00201292
5956, 0, 9.92e-06
5957, 0, 9.292e-05
5961, 0, 8.92e-06
5962, 0, 5.092e-05
5964, 0, 8.92e-06
5965, 0, 8.92e-06
5973, 1, 0.00047092
5975, 1, 0.00280192
5977, 0, 9.92e-06
5980, 1, 0.00266292
5983, 1, 0.00183292
5984, 1, 0.00310292
5985, 1, 0.00122792
5992, 0, 0.00012092
6002, 1, 0.00052792
6004, 0, 0.0247899
6010, 1, 0.00027992
6011, 1, 0.00117192
6013, 0, 4.392e-05
6016, 1, 0.00500592
6017, 0, 1.092e-05
6020, 0, 0.00015292
6021, 1, 0.00209992
6025, 1, 0.00227592
6035, 1, 0.00276792
6036, 0, 0.00010292
6037, 1, 0.00503892
6040, 1, 0.0184319
6042, 0, 1.192e-05
6044, 0, 0.00012592
6045, 0, 8.92e-06
6048, 0, 8.92e-06
6049, 0, 8.92e-06
6052, 1, 0.00088792
6053, 1, 0.00063392
6057, 0, 0.00012792
6058, 1, 0.00339092
6059, 0, 0.00015692
6061, 1, 0.00363492
6064, 0, 0.00557892
6066, 0, 1.092e-05
6069, 0, 8.92e-06
6070, 0, 9.792e-05
6076, 1, 0.00330692
6077, 0, 0.00029292
6091, 1, 0.00726492
6093, 0, 0.00032392
6097, 1, 0.00406692
6099, 1, 0.00173192
6101, 1, 0.00131092
6103, 0, 9.92e-06
6112, 1, 0.00175792
6114, 1, 0.00783792
6116, 0, 8.992e-05
6117, 1, 0.00980892
6121, 0, 0.00014492
6122, 0, 6.692e-05
6124, 0, 9.92e-06
6127, 0, 8.92e-06
6129, 0, 0.00011992
6130, 1, 0.00364892
6135, 1, 0.00226792
6137, 1, 0.00239092
6140, 1, 0.0100939
6144, 0, 9.92e-06
6146, 0, 0.00012592
6149, 0, 7.792e-05
6152, 1, 0.00434992
6155, 0, 0.00034892
6157, 0, 8.92e-06
6158, 1, 0.00063392
6160, 1, 0.00451692
6162, 0, 1.092e-05
6163, 1, 0.00241292
6165, 1, 0.00068692
6171, 1, 0.00129992
6172, 1, 0.00049792
6174, 1, 0.00075192
6176, 0, 0.00013392
6179, 1, 0.00192292
6186, 0, 9.92e-06
6190, 0, 8.92e-06
6193, 1, 0.00219092
6196, 1, 0.00060992
6199, 0, 9.92e-06
6203, 0, 8.92e-06
6205, 0, 8.92e-06
6206, 0, 3.392e-05
6207, 0, 8.92e-06
6209, 0, 7.92e-06
6210, 1, 0.00162892
6213, 0, 9.92e-06
6216, 0, 8.92e-06
6217, 0, 8.92e-06
6218, 0, 9.792e-05
6219, 0, 2.292e-05
6220, 0, 0.00014292
6230, 0, 7.392e-05
6233, 0, 0.00965192
6235, 0, 5.992e-05
6236, 0, 9.92e-06
6238, 0, 8.92e-06
6239, 1, 0.00330192
6242, 0, 9.92e-06
6247, 1, 0.00127892
6249, 0, 9.92e-06
6252, 0, 8.992e-05
6256, 0, 6.892e-05
6258, 0, 0.00013292
6262, 0, 0.00012692
6264, 0, 8.92e-06
6267, 0, 5.892e-05
6269, 0, 8.92e-06
6274, 0, 0.00015192
6276, 0, 8.92e-06
6278, 1, 0.00100492
6281, 0, 7.592e-05
6285, 0, 6.792e-05
6286, 0, 5.092e-05
6288, 1, 0.00076992
6289, 1, 0.00124692
6290, 0, 0.00023592
6291, 0, 8.292e-05
6295, 1, 0.00509592
6299, 0, 8.992e-05
6300, 0, 0.00013892
6305, 1, 0.00410692
6308, 0, 0.00015292
6310, 0, 9.92e-06
6311, 0, 8.92e-06
6312, 0, 5.692e-05
6320, 0, 0.00025192
6323, 1, 0.00113092
6325, 1, 0.00486092
6331, 0, 0.00845892
6332, 1, 0.00215492
6334, 0, 0.00031692
6341, 0, 7.792e-05
6344, 1, 0.00269792
6345, 1, 0.00146692
6352, 0, 0.00014292
6353, 0, 9.92e-06
6358, 0, 0.0116689
6361, 0, 1.192e-05
6362, 1, 0.00616992
6366, 1, 0.00105992
6367, 1, 0.00425792
6368, 0, 1.092e-05
6376, 1, 0.00074192
6380, 1, 0.00773392
6387, 0, 1.092e-05
6388, 0, 0.00018892
6389, 0, 0.00011392
6392, 0, 0.00012792
6393, 0, 0.00012492
6394, 0, 7.392e-05
6397, 0, 0.00032192
6399, 1, 0.00017492
6401, 1, 0.00523692
6402, 1, 0.00139792
6404, 0, 0.0114149
6407, 1, 0.00588292
6410, 1, 0.00024992
6413, 0, 0.0140009
6414, 0, 1.192e-05
6415, 0, 8.92e-06
6419, 1, 0.00124392
6420, 0, 0.00013692
6422, 1, 0.00131592
6426, 1, 0.00050392
6429, 0, 9.92e-06
6431, 0, 9.92e-06
6437, 0, 8.92e-06
6439, 0, 8.92e-06
6441, 0, 8.92e-06
6444, 1, 0.00114292
6447, 0, 0.00040092
6449, 0, 1.092e-05
6450, 0, 8.92e-06
6451, 0, 8.92e-06
6453, 0, 0.0117899
6454, 1, 0.00275392
6457, 0, 9.92e-06
6458, 1, 0.00284692
6459, 0, 7.792e-05
6460, 0, 0.00020492
6464, 0, 8.92e-06
6466, 0, 0.00014392
6474, 0, 8.92e-06
6475, 0, 0.0157059
6476, 1, 0.00363692
6478, 0, 1.092e-05
6481, 0, 8.92e-06
6491, 1, 0.00348392
6492, 1, 0.00234092
6494, 0, 7.092e-05
6495, 1, 0.00291992
6497, 1, 0.0134479
6498, 0, 1.192e-05
6501, 1, 0.00334292
6509, 1, 0.00089992
6514, 0, 3.092e-05
6518, 0, 9.92e-06
6519, 0, 0.00024692
6520, 0, 9.92e-06
6523, 1, 0.00185492
6524, 0, 5.492e-05
6525, 1, 0.00199392
6528, 0, 4.692e-05
6530, 0, 7.292e-05
6533, 0, 0.00053992
6534, 1, 0.00151092
6536, 1, 0.00248892
6537, 0, 0.00014392
6539, 0, 0.00068392
6540, 0, 1.192e-05
6542, 0, 9.92e-06
6546, 0, 8.92e-06
6550, 0, 0.00013192
6551, 0, 0.00326992
6552, 0, 7.992e-05
6554, 1, 0.00212292
6559, 1, 0.00124092
6564, 0, 9.92e-06
6567, 0, 8.92e-06
6579, 0, 7.92e-06
6581, 0, 7.92e-06
6584, 0, 8.92e-06
6585, 0, 0.00013992
6586, 1, 0.00310592
6588, 0, 9.92e-06
6592, 0, 8.92e-06
6599, 0, 8.92e-06
6601, 0, 8.92e-06
6606, 0, 7.92e-06
6607, 0, 0.00010992
6612, 0, 5.192e-05
6624, 0, 8.92e-06
6625, 1, 0.00413192
6627, 0, 9.92e-06
6632, 0, 7.792e-05
6634, 1, 0.00498392
6636, 0, 7.192e-05
6640, 0, 0.00033792
6648, 1, 0.00253792
6650, 0, 1.092e-05
6651, 0, 9.92e-06
6654, 1, 0.00106792
6655, 0, 0.0111489
6657, 0, 7.292e-05
6658, 0, 9.92e-06
6660, 1, 0.00187992
6663, 0, 1.092e-05
6665, 0, 0.00010992
6666, 1, 0.00146092
6669, 0, 9.92e-06
6671, 0, 0.00011892
6683, 1, 0.00186492
6685, 0, 2.592e-05
6686, 0, 8.92e-06
6687, 0, 7.92e-06
6691, 0, 0.0117999
6693, 0, 0.00012592
6694, 0, 9.92e-06
6695, 0, 0.0105379
6698, 0, 1.092e-05
6707, 0, 9.92e-06
6709, 0, 0.00012192
6714, 1, 0.00021092
6716, 1, 0.00260892
6717, 0, 0.00050892
6723, 0, 0.00011792
6725, 0, 0.00010492
6726, 0, 8.92e-06
6728, 0, 2.992e-05
6733, 1, 0.00247792
6743, 1, 0.00058292
6744, 0, 1.192e-05
6751, 0, 9.92e-06
6753, 0, 8.292e-05
6754, 1, 0.00997092
6758, 1, 0.00051392
6761, 1, 7.192e-05
6762, 0, 9.92e-06
6764, 1, 0.00569792
6766, 0, 1.492e-05
6767, 0, 9.92e-06
6771, 0, 5.592e-05
6773, 1, 0.00151892
6774, 1, 0.00536292
6775, 0, 1.092e-05
6779, 1, 0.00488592
6780, 1, 0.00221092
6785, 0, 9.92e-06
6786, 0, 0.0113769
6792, 1, 0.00288092
6793, 0, 9.192e-05
6794, 0, 9.92e-06
6797, 0, 5.392e-05
6798, 1, 0.00145592
6800, 0, 0.00010092
6806, 0, 0.00011392
6807, 0, 3.292e-05
6813, 0, 8.92e-06
6816, 0, 0.00014692
6824, 0, 8.92e-06
6826, 0, 8.92e-06
6827, 0, 0.00019192
6832, 0, 8.92e-06
6833, 0, 8.92e-06
6837, 0, 8.92e-06
6838, 1, 0.00088692
6844, 0, 9.92e-06
6846, 0, 3.292e-05
6848, 0, 8.92e-06
6859, 0, 0.00027492
6866, 0, 8.92e-06
6875, 1, 0.00173092
6876, 0, 1.492e-05
6877, 1, 0.00184992
6882, 0, 0.00037592
6883, 0, 9.92e-06
6888, 1, 0.00505692
6891, 0, 1.192e-05
6892, 0, 5.792e-05
6893, 1, 0.00252192
6894, 0, 1.092e-05
6896, 0, 8.792e-05
6898, 0, 8.92e-06
6899, 0, 0.00010392
6903, 0, 8.92e-06
6905, 0, 8.92e-06
6906, 0, 8.92e-06
6907, 1, 0.00415192
6908, 0, 1.092e-05
6911, 0, 9.92e-06
6916, 0, 7.992e-05
6918, 0, 0.0118479
6920, 0, 0.00049392
6929, 0, 1.492e-05
6933, 1, 0.00172292
6934, 1, 0.00167392
6935, 0, 9.92e-06
6936, 0, 0.00017592
6937, 0, 9.92e-06
6938, 0, 0.00947892
6939, 0, 1.292e-05
6941, 1, 0.00398392
6943, 1, 0.00157592
6952, 0, 9.392e-05
6955, 1, 0.00294792
6956, 1, 0.00174992
6958, 1, 0.00348892
6959, 0, 0.00014592
6964, 0, 9.92e-06
6965, 0, 0.00019192
6966, 0, 8.92e-06
6967, 1, 0.00179792
6970, 0, 1.092e-05
6971, 0, 0.00035492
6973, 0, 9.92e-06
6975, 0, 8.492e-05
6982, 1, 0.00141692
6984, 1, 0.00099592
6986, 0, 0.00027292
6989, 0, 9.92e-06
6990, 0, 0.00011492
6993, 0, 8.92e-06
6995, 1, 0.00166992
7000, 0, 9.92e-06
7001, 1, 0.00836692
7004, 0, 1.192e-05
7009, 1, 0.00195292
7010, 0, 1.092e-05
7018, 1, 0.00213992
7019, 1, 0.00212892
7029, 0, 0.00011792
7031, 1, 0.00167292
7033, 0, 9.92e-06
7038, 0, 8.92e-06
7041, 0, 7.92e-06
7042, 0, 0.00010992
7045, 0, 1.292e-05
7048, 0, 9.92e-06
7049, 0, 0.00014892
7053, 0, 0.00054292
7055, 1, 0.00541792
7057, 0, 1.192e-05
7059, 1, 0.00634092
7063, 0, 1.092e-05
7066, 1, 0.0116219
7071, 0, 0.00113092
7076, 0, 0.00011692
7079, 1, 0.00549492
7080, 0, 9.92e-06
7081, 0, 9.92e-06
7082, 1, 0.00051492
7086, 0, 9.92e-06
7087, 0, 8.92e-06
7088, 1, 0.00129892
7091, 1, 0.00047692
7093, 0, 9.92e-06
7094, 1, 0.00556992
7096, 0, 0.00122192
7098, 0, 5.792e-05
7100, 0, 9.92e-06
7102, 1, 0.00140192
7108, 0, 0.00975392
7109, 1, 0.00263092
7110, 1, 0.00443792
7116, 0, 0.00029492
7119, 0, 8.92e-06
7120, 0, 0.00016992
7121, 0, 0.00017092
7122, 0, 8.92e-06
7123, 0, 0.00915992
7124, 0, 6.092e-05
7125, 0, 8.92e-06
7126, 1, 0.00227092
7127, 0, 0.00802392
7128, 1, 0.00127992
7136, 1, 0.00207992
7137, 0, 4.292e-05
7139, 0, 9.92e-06
7144, 0, 8.92e-06
7147, 0, 8.92e-06
7149, 0, 0.00013792
7153, 1, 0.00201092
7160, 0, 0.00116892
7162, 1, 0.00126892
7166, 0, 0.0127139
7168, 0, 0.00011692
7175, 1, 0.00150392
7177, 0, 9.92e-06
7178, 1, 0.00487492
7179, 1, 0.00377692
7187, 1, 0.00046292
7188, 0, 9.92e-06
7190, 1, 0.00079592
7192, 1, 0.00342492
7193, 1, 0.00497192
7195, 0, 0.00026692
7196, 0, 0.00017292
7197, 0, 7.592e-05
7198, 0, 1.092e-05
7203, 0, 9.92e-06
7205, 0, 9.92e-06
7208, 0, 0.00012192
7215, 0, 0.00012992
7216, 0, 8.92e-06
7218, 1, 0.0163879
7224, 1, 0.00150392
7231, 0, 0.00012392
7233, 1, 0.00458992
7237, 1, 0.00143192
7238, 0, 0.00020692
7239, 0, 9.92e-06
7245, 1, 0.00769392
7246, 0, 0.00011892
7251, 0, 0.00070792
7253, 0, 9.92e-06
7255, 0, 8.92e-06
7256, 1, 0.00088492
7258, 0, 0.00017292
7259, 0, 0.00013792
7260, 0, 9.92e-06
7261, 1, 0.00295492
7264, 0, 0.0103129
7267, 0, 1.092e-05
7268, 0, 0.0146509
7269, 0, 1.092e-05
7273, 1, 0.00588592
7275, 1, 0.00141392
7277, 0, 9.92e-06
7278, 0, 5.892e-05
7281, 1, 0.00351792
7289, 1, 0.00068792
7290, 1, 0.0123219
7292, 0, 1.192e-05
7297, 0, 0.00016492
7298, 1, 0.0115359
7299, 0, 0.00010292
7314, 0, 9.92e-06
7315, 1, 0.00136392
7316, 0, 9.92e-06
7318, 0, 9.92e-06
7319, 1, 0.00115392
7320, 0, 7.992e-05
7328, 1, 0.00272992
7329, 1, 0.00410492
7333, 0, 1.192e-05
7334, 0, 0.00017192
7338, 1, 0.00047092
7340, 0, 1.092e-05
7343, 1, 0.00097892
7350, 0, 1.092e-05
7354, 0, 0.00014692
7356, 0, 9.92e-06
7362, 0, 0.00015692
7363, 1, 0.00278792
7365, 0, 1.092e-05
7367, 1, 0.00220192
7368, 0, 9.92e-06
7371, 0, 9.92e-06
7372, 0, 8.92e-06
7373, 0, 8.92e-06
7377, 0, 8.92e-06
7380, 0, 0.00042092
7383, 0, 0.00012192
7384, 1, 0.00235392
7385, 1, 0.00108092
7388, 1, 0.00115892
7390, 1, 0.00323892
7392, 1, 0.00130492
7398, 0, 0.00011392
7402, 0, 0.00011592
7404, 1, 0.00313192
7408, 0, 0.00010392
7410, 1, 0.00109892
7414, 1, 0.00289592
7415, 1, 0.00321192
7421, 0, 9.592e-05
7423, 0, 8.92e-06
7424, 0, 4.992e-05
7425, 0, 9.92e-06
7427, 0, 2.192e-05
7429, 0, 8.92e-06
7434, 1, 0.00100492
7435, 1, 0.00594492
7440, 1, 0.00056292
7446, 0, 0.00153792
7448, 0, 1.192e-05
7449, 0, 2.792e-05
7451, 1, 0.00221892
7453, 0, 1.092e-05
7454, 0, 0.00011492
7455, 1, 0.00139492
7458, 1, 0.00142592
7463, 1, 0.00146892
7468, 1, 0.0114799
7476, 1, 0.00034092
7478, 0, 0.0124919
7481, 0, 1.092e-05
7484, 0, 8.92e-06
7489, 0, 8.92e-06
7490, 0, 8.92e-06
7491, 0, 8.92e-06
7500, 1, 0.00229392
7503, 0, 9.92e-06
7505, 0, 0.00441092
7508, 0, 1.292e-05
7515, 1, 0.00420592
7520, 0, 0.00014992
7527, 1, 0.00302792
7528, 0, 0.00020092
7533, 0, 0.00013292
7535, 1, 0.00148992
7536, 0, 9.92e-06
7554, 0, 0.0125139
7560, 0, 1.192e-05
7561, 1, 0.00171692
7563, 0, 9.92e-06
7566, 1, 0.00294792
7567, 0, 1.292e-05
7577, 0, 0.00015492
7578, 0, 8.92e-06
7582, 0, 8.92e-06
7586, 1, 0.00390492
7588, 0, 0.0118129
7590, 1, 0.00070092
7597, 1, 0.00426692
7603, 0, 0.00013392
7604, 1, 0.00185292
7607, 0, 9.92e-06
7610, 0, 8.92e-06
7620, 0, 0.00112992
7621, 0, 0.00964592
7623, 0, 0.00012792
7627, 0, 1.092e-05
7631, 1, 0.00101592
7634, 0, 8.892e-05
7647, 0, 9.92e-06
7653, 0, 6.792e-05
7657, 1, 0.00206092
7661, 1, 0.00169892
7662, 1, 0.00515892
7665, 0, 9.92e-06
7672, 1, 0.00109592
7673, 0, 4.392e-05
7674, 1, 0.00153392
7686, 0, 0.00014092
7687, 1, 0.0101239
7692, 0, 0.0127059
7693, 1, 0.00595692
7696, 0, 1.092e-05
7698, 0, 8.92e-06
7705, 1, 0.00241792
7707, 1, 0.00241892
7710, 0, 1.092e-05
7713, 0, 0.0127069
7714, 0, 0.00014492
7715, 1, 0.00184492
7718, 1, 0.00119492
7719, 0, 1.092e-05
7722, 0, 0.00022492
7729, 0, 8.692e-05
7732, 1, 0.00084992
7735, 0, 9.92e-06
7740, 1, 0.00522792
7741, 0, 9.92e-06
7743, 1, 0.00118792
7748, 0, 0.00018992
7751, 1, 0.00137692
7755, 1, 0.00020792
7756, 0, 0.00024692
7758, 1, 0.00250592
7762, 0, 1.292e-05
7763, 1, 0.00053692
7764, 1, 0.00087492
7765, 0, 1.092e-05
7767, 0, 8.92e-06
7770, 1, 0.00907292
7772, 0, 1.192e-05
7774, 0, 9.92e-06
7775, 0, 0.00014792
7780, 1, 0.00154692
7781, 0, 8.892e-05
7785, 0, 8.92e-06
7788, 0, 8.92e-06
7790, 0, 0.00011692
7792, 1, 0.00105092
7796, 0, 9.92e-06
7797, 0, 0.00892392
7799, 0, 1.092e-05
7800, 0, 8.92e-06
7801, 0, 0.00018292
7810, 1, 0.00047092
7812, 0, 0.00013192
7813, 1, 0.00280792
7814, 1, 0.00112192
7818, 0, 1.092e-05
7821, 0, 0.00012292
7824, 0, 0.0105759
7826, 0, 1.092e-05
7827, 0, 9.92e-06
7830, 0, 8.92e-06
7833, 1, 0.00132092
7834, 0, 4.992e-05
7835, 0, 9.992e-05
7837, 1, 0.00385392
7844, 0, 8.092e-05
7848, 0, 1.092e-05
7853, 1, 0.00079992
7854, 1, 0.00098692
7856, 0, 0.00040492
7857, 0, 0.00908092
7861, 1, 0.00144292
7864, 1, 0.00296992
7869, 0, 9.92e-06
7872, 0, 0.0140849
7874, 0, 1.092e-05
7876, 0, 0.00021792
7879, 1, 0.00098692
7881, 0, 0.0112039
7887, 1, 0.00157792
7888, 0, 0.00012092
7891, 1, 0.00314792
7892, 1, 0.00162492
7893, 1, 0.00134592
7895, 1, 0.00149992
7896, 1, 0.00108592
7897, 0, 9.92e-06
7902, 0, 8.92e-06
7908, 1, 0.00840192
7913, 0, 0.00689892
7914, 0, 0.0116419
7920, 0, 1.092e-05
7921, 1, 0.00314492
7923, 0, 1.192e-05
7926, 0, 0.00091792
7927, 1, 0.00063692
7928, 0, 1.092e-05
7929, 0, 0.00019792
7931, 1, 0.00185292
7936, 0, 1.092e-05
7937, 1, 0.00331092
7950, 0, 1.092e-05
7952, 0, 9.92e-06
7954, 1, 0.00371392
7958, 0, 9.92e-06
7960, 0, 0.00015892
7962, 0, 0.0112929
7963, 0, 1.192e-05
7973, 1, 0.00078792
7978, 0, 0.00013892
7980, 0, 0.00012692
7985, 0, 0.00010592
7990, 0, 8.492e-05
7995, 0, 0.00026592
7999, 1, 0.00388092
8004, 1, 0.00338592
8006, 1, 0.00996292
8008, 0, 1.092e-05
8012, 0, 9.92e-06
8016, 1, 0.00340492
8018, 0, 9.92e-06
8023, 0, 2.292e-05
8028, 0, 0.00017492
8030, 1, 0.00340992
8031, 1, 0.00682392
8035, 0, 1.192e-05
8038, 0, 0.00015092
8040, 0, 2.892e-05
8047, 0, 2.192e-05
8051, 0, 8.92e-06
8057, 1, 0.00914892
8059, 1, 0.00095792
8060, 0, 4.192e-05
8061, 1, 0.00178592
8063, 0, 9.92e-06
8066, 0, 0.00034592
8071, 0, 0.00079992
8072, 0, 0.00011892
8073, 1, 0.00154692
8077, 0, 9.92e-06
8078, 0, 8.92e-06
8081, 1, 0.00192292
8082, 0, 1.092e-05
8084, 1, 0.00121292
8087, 1, 0.00256892
8089, 1, 0.00351892
8094, 0, 5.892e-05
8095, 0, 8.092e-05
8100, 0, 4.792e-05
8107, 0, 0.00014792
8108, 1, 0.00249992
8110, 1, 0.00806792
8111, 0, 9.592e-05
8112, 0, 9.92e-06
8114, 0, 0.00020292
8115, 0, 8.92e-06
8116, 0, 7.92e-06
8118, 0, 0.00026392
8125, 0, 9.92e-06
8131, 1, 0.00840592
8136, 0, 1.092e-05
8139, 1, 0.00213292
8140, 0, 9.92e-06
8142, 0, 8.92e-06
8148, 0, 0.00017292
8153, 1, 0.00615692
8158, 0, 6.792e-05
8160, 1, 0.00157492
8161, 0, 1.092e-05
8162, 1, 0.00184292
8165, 1, 0.0104909
8166, 1, 0.00183292
8168, 0, 0.00022292
8171, 0, 0.00021792
8172, 1, 0.00464892
8175, 1, 0.00052092
8183, 1, 0.0112999
8186, 1, 0.00385692
8190, 0, 1.092e-05
8191, 0, 0.00016792
8195, 1, 0.00067392
8197, 0, 0.00016592
8200, 0, 9.92e-06
8205, 0, 8.92e-06
8208, 0, 3.492e-05
8213, 0, 9.092e-05
8220, 1, 0.00084592
8224, 0, 5.192e-05
8226, 0, 0.00015092
8228, 0, 0.0119659
8229, 0, 1.292e-05
8231, 0, 9.92e-06
8232, 1, 0.00168592
8237, 1, 0.00224792
8239, 0, 7.792e-05
8240, 1, 0.00110092
8244, 0, 9.92e-06
8245, 0, 8.92e-06
8247, 1, 0.00291792
8258, 0, 9.92e-06
8262, 0, 0.00039892
8264, 1, 0.00408992
8266, 0, 8.392e-05
8268, 0, 0.00830892
8280, 1, 0.00067192
8282, 0, 0.0119229
8288, 0, 0.00013592
8293, 1, 0.00230492
8298, 0, 0.0107499
8301, 0, 1.092e-05
8306, 1, 0.00493592
8309, 0, 1.092e-05
8311, 1, 0.00235392
8313, 0, 1.092e-05
8315, 0, 0.00029792
8316, 1, 0.00138892
8322, 0, 1.092e-05
8328, 0, 8.92e-06
8329, 0, 9.92e-06
8330, 1, 0.0167799
8331, 0, 1.092e-05
8333, 1, 0.00302992
8334, 0, 1.292e-05
8337, 0, 9.92e-06
8343, 1, 0.00097292
8348, 1, 0.00144692
8353, 0, 0.00026592
8361, 1, 0.00038992
8364, 0, 9.92e-06
8366, 0, 7.592e-05
8368, 0, 8.92e-06
8370, 0, 0.0127419
8372, 0, 1.092e-05
8374, 0, 0.00012392
8376, 1, 0.00128092
8381, 0, 6.792e-05
8387, 1, 0.00072192
8388, 0, 0.0113009
8390, 0, 1.092e-05
8392, 1, 0.00265092
8393, 0, 8.092e-05
8410, 0, 0.00096892
8412, 1, 0.00812792
8415, 0, 1.092e-05
8416, 1, 0.00761192
8417, 1, 0.00068192
8418, 0, 9.92e-06
8423, 1, 0.00534492
8429, 0, 0.00038992
8433, 1, 0.00491192
8440, 0, 0.00012092
8441, 0, 0.00013592
8443, 1, 0.00032392
8445, 0, 0.00131092
8448, 0, 9.92e-06
8451, 0, 8.92e-06
8460, 0, 8.92e-06
8461, 0, 8.92e-06
8466, 0, 0.00022092
8470, 1, 0.00145092
8471, 0, 1.092e-05
8473, 0, 8.92e-06
8475, 0, 3.292e-05
8476, 1, 0.00162192
8478, 0, 9.92e-06
8479, 0, 5.192e-05
8481, 1, 0.00363392
8482, 1, 0.00423392
8483, 1, 0.00258892
8486, 0, 1.392e-05
8489, 0, 1.392e-05
8491, 0, 1.292e-05
8492, 1, 0.00130392
8496, 0, 9.92e-06
8498, 1, 0.00249292
8511, 0, 1.092e-05
8512, 1, 0.00096992
8513, 0, 1.092e-05
8514, 1, 0.00260692
8516, 0, 9.492e-05
8527, 1, 0.00370492
8529, 0, 9.92e-06
8530, 1, 0.00060392
8531, 0, 0.00062792
8537, 1, 0.00149092
8539, 0, 1.192e-05
8540, 1, 0.00647392
8541, 1, 0.00169992
8543, 0, 1.092e-05
8546, 1, 0.00124692
8547, 0, 9.592e-05
8548, 1, 0.00076592
8559, 0, 0.00012192
8561, 1, 0.00045492
8566, 0, 0.00011292
8568, 1, 0.00272992
8569, 0, 0.00011492
8570, 1, 0.00256492
8571, 1, 0.00491792
8572, 0, 1.092e-05
8573, 0, 8.92e-06
8574, 0, 0.00019692
8577, 1, 0.00478392
8580, 0, 2.992e-05
8581, 0, 0.00011792
8582, 0, 2.192e-05
8584, 1, 0.00296192
8590, 0, 1.092e-05
8591, 1, 0.00276592
8593, 0, 6.992e-05
8594, 0, 3.292e-05
8596, 1, 0.00187492
8598, 1, 0.00058192
8600, 0, 0.00013392
8601, 0, 9.92e-06
8603, 1, 0.00036792
8605, 1, 0.00480492
8606, 0, 0.00023992
8612, 0, 9.92e-06
8615, 0, 9.92e-06
8620, 1, 0.00306592
8622, 0, 0.00018892
8623, 1, 0.00060692
8624, 0, 9.92e-06
8625, 0, 9.92e-06
8626, 1, 0.00081792
8627, 0, 1.192e-05
8632, 1, 0.00459592
8633, 1, 0.00315392
8636, 0, 0.00015292
8640, 1, 0.00102892
8641, 0, 9.92e-06
8642, 1, 0.00861192
8647, 0, 1.292e-05
8648, 1, 0.00344992
8649, 0, 0.00025992
8651, 0, 3.492e-05
8655, 0, 9.92e-06
8656, 0, 8.92e-06
8657, 1, 0.00169292
8658, 0, 0.00013892
8659, 0, 0.00011292
8660, 1, 0.00212792
8667, 1, 0.00161592
8669, 0, 0.00010992
8673, 0, 0.00013292
8676, 1, 0.00173792
8678, 0, 0.00047192
8679, 1, 0.00476392
8685, 1, 0.00488392
8687, 0, 1.092e-05
8688, 1, 0.00049492
8690, 0, 9.92e-06
8692, 1, 0.00361792
8693, 0, 8.292e-05
8697, 1, 0.00070092
8699, 0, 8.892e-05
8700, 0, 8.92e-06
8704, 0, 8.92e-06
8705, 0, 8.92e-06
8706, 1, 0.00214492
8708, 0, 6.192e-05
8711, 1, 0.00073792
8715, 0, 8.92e-06
8716, 0, 8.92e-06
8723, 0, 7.92e-06
8730, 1, 0.00727292
8732, 0, 0.00013692
8735, 0, 8.92e-06
8736, 0, 0.0111629
8739, 1, 0.00328892
8742, 1, 0.00459392
8744, 0, 0.00027692
8745, 0, 0.0107949
8746, 0, 0.0149879
8747, 1, 0.00106692
8749, 0, 9.92e-06
8751, 0, 3.092e-05
8754, 0, 9.92e-06
8755, 1, 0.00460592
8757, 1, 0.00106592
8768, 1, 0.00131092
8772, 0, 1.092e-05
8775, 1, 0.00291792
8778, 0, 9.92e-06
8780, 1, 0.00299192
8784, 0, 1.092e-05
8787, 0, 8.92e-06
8793, 0, 0.0114729
8795, 1, 0.00142692
8798, 1, 0.00169692
8804, 1, 0.00501092
8812, 1, 0.00377492
8815, 1, 0.00190592
8821, 1, 0.00313192
8822, 0, 3.192e-05
8826, 1, 0.00587292
8832, 0, 1.192e-05
8838, 0, 0.00025492
8839, 0, 0.00025192
8848, 1, 0.00395192
8849, 0, 0.00013692
8850, 0, 9.92e-06
8854, 1, 0.00290392
8855, 1, 0.00236292
8857, 1, 0.00304892
8865, 1, 0.00239692
8866, 1, 0.00198392
8867, 0, 9.92e-06
8868, 1, 0.00710392
8870, 0, 0.0108649
8871, 0, 1.592e-05
8872, 0, 1.392e-05
8873, 0, 1.292e-05
8875, 0, 1.292e-05
8881, 0, 1.192e-05
8884, 0, 0.00015292
8885, 1, 0.00201192
8886, 1, 0.00243092
8889, 0, 1.592e-05
8896, 0, 0.00994492
8897, 1, 0.00156192
8899, 1, 0.00091892
8902, 0, 0.00064792
8903, 0, 1.392e-05
8904, 0, 1.292e-05
8905, 0, 0.00013592
8908, 0, 0.00053192
8909, 0, 0.00021592
8912, 0, 9.92e-06
8915, 1, 0.00752992
8917, 0, 9.92e-06
8921, 1, 0.00572092
8923, 0, 1.192e-05
8924, 0, 3.092e-05
8929, 0, 0.00807992
8934, 0, 1.292e-05
8935, 0, 8.92e-06
8939, 1, 0.00130992
8945, 1, 0.00130492
8951, 0, 9.92e-06
8960, 0, 0.00012692
8971, 0, 0.0126659
8973, 0, 1.092e-05
8974, 0, 0.00017092
8978, 0, 8.92e-06
8982, 0, 0.00015292
8983, 0, 8.892e-05
8986, 1, 0.00143992
8988, 0, 0.00022092
8997, 0, 0.00013592
9000, 0, 0.00031692
9001, 0, 9.92e-06
9004, 1, 0.00312592
9008, 1, 0.00061392
9009, 0, 0.00012092
9014, 0, 0.00013992
9015, 0, 9.92e-06
9016, 0, 0.0103179
9020, 0, 1.092e-05
9021, 1, 0.00768092
9024, 0, 2.392e-05
9026, 1, 0.00169692
9027, 0, 8.692e-05
9028, 0, 9.92e-06
9029, 1, 0.00336392
9032, 0, 9.92e-06
9033, 0, 8.092e-05
9038, 0, 2.992e-05
9040, 0, 8.92e-06
9042, 1, 0.00048792
9043, 0, 0.00011092
9044, 0, 0.00010692
9045, 0, 3.492e-05
9047, 1, 0.00111292
9051, 0, 0.00013592
9057, 1, 0.00212392
9059, 1, 0.00029192
9065, 0, 0.00012992
9067, 1, 0.00784992
9069, 0, 1.092e-05
9072, 1, 0.00903392
9073, 0, 1.092e-05
9082, 0, 8.192e-05
9084, 1, 0.00042692
9086, 0, 5.292e-05
9093, 0, 0.00012392
9096, 1, 0.00291892
9097, 0, 1.092e-05
9103, 0, 9.992e-05
9106, 1, 0.00103492
9110, 1, 0.00399792
9113, 0, 0.00028992
9114, 1, 0.00098892
9118, 1, 0.0115209
9121, 0, 1.192e-05
9123, 0, 9.92e-06
9126, 1, 0.00213092
9130, 1, 0.00030692
9134, 0, 0.00041892
9136, 1, 0.00074492
9141, 1, 0.00092392
9144, 0, 9.92e-06
9146, 0, 8.92e-06
9149, 0, 7.992e-05
9150, 1, 0.00189792
9153, 1, 0.00139392
9170, 1, 0.00403392
9173, 0, 0.00013292
9180, 1, 0.00114692
9185, 0, 1.292e-05
9188, 1, 0.00166292
9190, 0, 0.00013092
9194, 0, 9.92e-06
9197, 0, 8.92e-06
9198, 0, 7.92e-06
9204, 1, 0.00384192
9205, 1, 0.00360492
9206, 0, 0.00056792
9207, 0, 1.192e-05
9211, 0, 9.92e-06
9214, 0, 0.0142209
9216, 1, 0.00217092
9221, 0, 9.92e-06
9228, 1, 0.00039792
9230, 1, 0.00109492
9236, 1, 0.00202892
9244, 1, 0.00055092
9248, 0, 8.92e-06
9250, 0, 0.00011292
9252, 0, 9.92e-06
9254, 0, 8.92e-06
9264, 0, 9.92e-06
9265, 0, 8.92e-06
9266, 1, 0.0105549
9267, 0, 0.00018692
9268, 0, 4.292e-05
9277, 1, 0.00441892
9279, 1, 0.00186992
9282, 1, 0.00376192
9284, 0, 0.00078192
9289, 0, 3.792e-05
9290, 1, 0.00237492
9292, 1, 0.00127492
9296, 0, 9.92e-06
9298, 1, 0.00187092
9304, 0, 0.00026992
9305, 0, 9.92e-06
9306, 0, 6.292e-05
9309, 1, 0.00267292
9311, 0, 0.0115839
9312, 0, 1.692e-05
9314, 0, 1.392e-05
9317, 0, 1.392e-05
9318, 0, 6.992e-05
9320, 0, 8.92e-06
9325, 1, 0.00168192
9326, 1, 0.00512292
9327, 0, 1.092e-05
9329, 0, 8.92e-06
9334, 0, 8.92e-06
9336, 0, 8.92e-06
9346, 1, 0.00402392
9348, 1, 0.00333092
9349, 1, 0.00167192
9353, 0, 0.00028492
9356, 0, 5.292e-05
9359, 0, 9.92e-06
9364, 1, 0.00515492
9370, 0, 1.192e-05
9379, 0, 0.00022792
9382, 0, 0.0149679
9394, 0, 0.00012492
9397, 0, 0.00014592
9398, 0, 0.0101589
9399, 1, 0.00237692
9401, 0, 6.892e-05
9405, 0, 0.00031892
9407, 0, 9.92e-06
9409, 0, 0.00038792
9412, 1, 0.00239292
9414, 0, 7.792e-05
9416, 1, 0.00320992
9418, 0, 8.392e-05
9420, 0, 0.00010192
9424, 0, 8.392e-05
9427, 0, 8.92e-06
9430, 0, 8.392e-05
9432, 1, 0.00171392
9434, 0, 5.592e-05
9436, 0, 9.92e-06
9440, 0, 9.92e-06
9442, 1, 0.00082192
9443, 0, 9.92e-06
9453, 1, 0.00214392
9458, 1, 0.00121092
9459, 0, 4.892e-05
9461, 0, 9.92e-06
9465, 0, 0.00015392
9473, 0, 8.192e-05
9474, 0, 7.192e-05
9477, 0, 8.92e-06
9483, 0, 8.92e-06
9485, 0, 8.92e-06
9490, 0, 8.92e-06
9493, 0, 0.00010192
9498, 0, 8.92e-06
9502, 0, 8.92e-06
9503, 1, 0.00072392
9507, 0, 0.0120129
9514, 1, 0.00443892
9516, 0, 0.00018192
9517, 0, 0.00010092
9521, 0, 1.392e-05
9523, 1, 0.00654092
9525, 0, 1.092e-05
9527, 0, 0.0102459
9529, 1, 0.00097792
9536, 1, 0.00089192
9538, 1, 0.00423392
9539, 0, 1.092e-05
9541, 1, 0.00473292
9547, 0, 0.00016292
9555, 1, 0.00183392
9556, 0, 3.792e-05
9561, 0, 8.92e-06
9562, 0, 0.00029992
9567, 1, 0.00295092
9571, 0, 1.092e-05
9573, 0, 8.92e-06
9576, 0, 4.092e-05
9578, 0, 9.92e-06
9581, 1, 0.00095592
9588, 0, 0.00022492
9592, 1, 0.00171192
9593, 1, 0.00379092
9595, 0, 9.92e-06
9597, 0, 8.92e-06
9601, 1, 0.00179592
9604, 0, 0.00024292
9609, 0, 0.00045392
9612, 1, 0.0108339
9613, 0, 1.092e-05
9614, 0, 8.92e-06
9620, 0, 2.692e-05
9625, 1, 0.00242892
9628, 0, 0.00018892
9629, 0, 1.092e-05
9630, 1, 0.00217692
9633, 0, 3.592e-05
9634, 0, 0.00013992
9635, 0, 9.92e-06
9647, 0, 0.00050292
9648, 0, 8.92e-06
9649, 1, 0.00094592
9650, 1, 0.00052892
9654, 0, 0.00012592
9657, 0, 5.892e-05
9666, 1, 0.00431692
9667, 0, 1.092e-05
9668, 1, 0.00149492
9671, 1, 0.00892992
9673, 0, 0.00011092
9674, 0, 9.92e-06
9683, 0, 8.92e-06
9689, 0, 0.0106909
9690, 0, 6.192e-05
9691, 0, 9.92e-06
9694, 0, 6.192e-05
9699, 0, 8.92e-06
9702, 0, 9.92e-06
9703, 0, 8.92e-06
9705, 0, 8.92e-06
9709, 1, 0.00212192
9711, 0, 0.00022292
9712, 0, 0.00034092
9714, 0, 9.92e-06
9724, 0, 9.92e-06
9733, 0, 0.00011392
9734, 0, 8.92e-06
9736, 0, 8.392e-05
9737, 0, 3.592e-05
9739, 0, 8.92e-06
9744, 0, 0.0113469
9759, 0, 2.792e-05
9760, 1, 0.00077892
9763, 0, 2.492e-05
9768, 1, 0.0107129
9770, 1, 0.00360292
9772, 1, 0.00209692
9773, 1, 0.00734092
9774, 0, 1.092e-05
9777, 0, 0.00015192
9778, 0, 0.00011992
9779, 1, 0.00231492
9782, 0, 0.0107939
9785, 1, 0.00042192
9788, 0, 1.092e-05
9789, 0, 9.92e-06
9791, 0, 0.00011692
9795, 0, 8.92e-06
9796, 0, 8.92e-06
9797, 1, 0.00121092
9799, 0, 1.092e-05
9800, 0, 5.792e-05
9801, 0, 8.92e-06
9804, 1, 0.00175892
9806, 0, 9.92e-06
9809, 0, 0.00017892
9810, 1, 0.00900192
9811, 1, 0.00066692
9814, 1, 0.00889292
9823, 0, 1.192e-05
9826, 0, 0.00012492
9832, 1, 0.00415692
9835, 0, 9.92e-06
9840, 0, 8.92e-06
9841, 0, 8.192e-05
9844, 0, 8.92e-06
9845, 0, 0.00017492
9846, 0, 8.92e-06
9847, 0, 0.00012492
9848, 0, 7.192e-05
9854, 0, 0.00017092
9856, 0, 8.92e-06
9859, 0, 8.92e-06
9860, 0, 8.92e-06
9861, 0, 0.00013992
9867, 1, 0.00094192
9870, 0, 8.92e-06
9871, 0, 0.0193389
9874, 0, 4.192e-05
9879, 1, 0.00322392
9885, 0, 9.392e-05
9886, 0, 0.0137379
9887, 1, 0.00269592
9895, 0, 8.592e-05
9897, 1, 0.00092792
9900, 0, 1.092e-05
9902, 0, 0.00031492
9906, 1, 0.00275692
9909, 1, 0.00044092
9911, 1, 0.00139492
9913, 0, 0.00012792
9915, 0, 9.92e-06
9916, 1, 0.00212992
9920, 0, 0.00020792
9921, 0, 0.00024192
9927, 0, 9.92e-06
9929, 1, 0.00228092
9930, 0, 1.092e-05
9931, 0, 9.92e-06
9932, 1, 0.00163892
9934, 0, 6.692e-05
9935, 0, 0.00840992
9936, 0, 0.0115779
9938, 0, 0.00013492
9950, 0, 7.492e-05
9953, 1, 0.00344492
9954, 0, 0.00018092
9955, 0, 8.92e-06
9957, 0, 8.92e-06
9958, 0, 0.00086892
9959, 0, 1.092e-05
9962, 0, 1.092e-05
9963, 1, 0.00257592
9964, 0, 1.092e-05
9965, 0, 9.92e-06
9966, 1, 0.00180992
9969, 1, 0.00509192
9970, 0, 0.00025692
9971, 0, 1.092e-05
9972, 1, 0.00223692
9974, 0, 6.592e-05
9977, 0, 9.92e-06
9979, 0, 0.00184092
9983, 1, 0.00034092
9984, 0, 8.892e-05
9985, 1, 0.00199492
9990, 0, 1.092e-05
9991, 1, 0.00203192
9993, 0, 1.092e-05
9998, 0, 0.00012992
10000, 0, 8.92e-06
